<?xml version="1.0" encoding="UTF-8"?>
<TestRun id="e04be7a8-cb1f-4747-97c7-f51af9d0064e" name="Dany@HOME-E26FE83CAE 2012-03-12 11:43:34" runUser="HOME-E26FE83CAE\Dany" xmlns="http://microsoft.com/schemas/VisualStudio/TeamTest/2010">
  <TestSettings name="Local" id="db3fc4c5-9574-448a-acee-8bc54bdc550b">
    <Description>These are default test settings for a local test run.</Description>
    <Deployment enabled="false" runDeploymentRoot="Dany_HOME-E26FE83CAE 2012-03-12 11_43_34">
      <DeploymentItem filename="H:\lastversion\Compiler 8-3-2012\CompilersUtils\bin\Debug\CompilersUtils.dll" />
    </Deployment>
    <Execution>
      <TestTypeSpecific />
      <AgentRule name="Execution Agents">
      </AgentRule>
    </Execution>
  </TestSettings>
  <Times creation="2012-03-12T11:43:34.8906250-05:00" queuing="2012-03-12T11:43:41.5781250-05:00" start="2012-03-12T11:43:42.0781250-05:00" finish="2012-03-12T11:43:56.9062500-05:00" />
  <ResultSummary outcome="Error">
    <Counters total="93" executed="3" passed="2" error="0" failed="0" timeout="0" aborted="1" inconclusive="0" passedButRunAborted="0" notRunnable="0" notExecuted="90" disconnected="0" warning="0" completed="0" inProgress="0" pending="0" />
    <RunInfos>
      <RunInfo computerName="HOME-E26FE83CAE" outcome="Error" timestamp="2012-03-12T11:43:56.2656250-05:00">
        <Text>Test host process exited unexpectedly.</Text>
      </RunInfo>
    </RunInfos>
  </ResultSummary>
  <TestDefinitions>
    <UnitTest name="test_array_string_nil" storage="h:\lastversion\compiler 8-3-2012\testcompilertotiger\bin\debug\testcompilertotiger.dll" id="8c0af343-7fa9-77f2-656f-4d5deee86c5d">
      <Execution id="468fdde3-f509-4dea-902f-9981acc7bd1d" />
      <TestMethod codeBase="H:/lastversion/Compiler 8-3-2012/TestCompilerToTiger/bin/Debug/TestCompilerToTiger.DLL" adapterTypeName="Microsoft.VisualStudio.TestTools.TestTypes.Unit.UnitTestAdapter, Microsoft.VisualStudio.QualityTools.Tips.UnitTest.Adapter, Version=10.0.0.0, Culture=neutral, PublicKeyToken=b03f5f7f11d50a3a" className="TestCompilerToTiger.UnitTest1, TestCompilerToTiger, Version=1.0.0.0, Culture=neutral, PublicKeyToken=null" name="test_array_string_nil" />
    </UnitTest>
    <UnitTest name="test_test26" storage="h:\lastversion\compiler 8-3-2012\testcompilertotiger\bin\debug\testcompilertotiger.dll" id="044ddcd4-6330-7a22-e9f8-f33b453f18d7">
      <Execution id="8a2e6ddd-7858-4c77-810f-5d735145d570" />
      <TestMethod codeBase="H:/lastversion/Compiler 8-3-2012/TestCompilerToTiger/bin/Debug/TestCompilerToTiger.DLL" adapterTypeName="Microsoft.VisualStudio.TestTools.TestTypes.Unit.UnitTestAdapter, Microsoft.VisualStudio.QualityTools.Tips.UnitTest.Adapter, Version=10.0.0.0, Culture=neutral, PublicKeyToken=b03f5f7f11d50a3a" className="TestCompilerToTiger.UnitTest1, TestCompilerToTiger, Version=1.0.0.0, Culture=neutral, PublicKeyToken=null" name="test_test26" />
    </UnitTest>
    <UnitTest name="test_invalid_mutually_recursive_function_depth_4" storage="h:\lastversion\compiler 8-3-2012\testcompilertotiger\bin\debug\testcompilertotiger.dll" id="f4efcf97-2817-134e-d4cd-02e0e8ed7f47">
      <Execution id="83a86211-7f60-40d7-86b9-082917cd2d25" />
      <TestMethod codeBase="H:/lastversion/Compiler 8-3-2012/TestCompilerToTiger/bin/Debug/TestCompilerToTiger.DLL" adapterTypeName="Microsoft.VisualStudio.TestTools.TestTypes.Unit.UnitTestAdapter, Microsoft.VisualStudio.QualityTools.Tips.UnitTest.Adapter, Version=10.0.0.0, Culture=neutral, PublicKeyToken=b03f5f7f11d50a3a" className="TestCompilerToTiger.UnitTest1, TestCompilerToTiger, Version=1.0.0.0, Culture=neutral, PublicKeyToken=null" name="test_invalid_mutually_recursive_function_depth_4" />
    </UnitTest>
    <UnitTest name="test_recursive_array_alias" storage="h:\lastversion\compiler 8-3-2012\testcompilertotiger\bin\debug\testcompilertotiger.dll" id="041998ab-07f9-73fa-8039-7d960c796110">
      <Execution id="fd58dd5d-e4e1-4ad2-a8ba-7c5632657d5f" />
      <TestMethod codeBase="H:/lastversion/Compiler 8-3-2012/TestCompilerToTiger/bin/Debug/TestCompilerToTiger.DLL" adapterTypeName="Microsoft.VisualStudio.TestTools.TestTypes.Unit.UnitTestAdapter, Microsoft.VisualStudio.QualityTools.Tips.UnitTest.Adapter, Version=10.0.0.0, Culture=neutral, PublicKeyToken=b03f5f7f11d50a3a" className="TestCompilerToTiger.UnitTest1, TestCompilerToTiger, Version=1.0.0.0, Culture=neutral, PublicKeyToken=null" name="test_recursive_array_alias" />
    </UnitTest>
    <UnitTest name="test_test8" storage="h:\lastversion\compiler 8-3-2012\testcompilertotiger\bin\debug\testcompilertotiger.dll" id="a384bb22-ddee-6569-96ae-a4c57e6d3916">
      <Execution id="fa4e33e7-014b-4941-b0e1-05be7f7fbc88" />
      <TestMethod codeBase="H:/lastversion/Compiler 8-3-2012/TestCompilerToTiger/bin/Debug/TestCompilerToTiger.DLL" adapterTypeName="Microsoft.VisualStudio.TestTools.TestTypes.Unit.UnitTestAdapter, Microsoft.VisualStudio.QualityTools.Tips.UnitTest.Adapter, Version=10.0.0.0, Culture=neutral, PublicKeyToken=b03f5f7f11d50a3a" className="TestCompilerToTiger.UnitTest1, TestCompilerToTiger, Version=1.0.0.0, Culture=neutral, PublicKeyToken=null" name="test_test8" />
    </UnitTest>
    <UnitTest name="test_and_operator_returns_value" storage="h:\lastversion\compiler 8-3-2012\testcompilertotiger\bin\debug\testcompilertotiger.dll" id="b62d9364-7778-3e50-d7a6-6bf0ce856a2f">
      <Execution id="e1bddb49-0c4a-4483-aa1f-fa3ec590d772" />
      <TestMethod codeBase="H:/lastversion/Compiler 8-3-2012/TestCompilerToTiger/bin/Debug/TestCompilerToTiger.DLL" adapterTypeName="Microsoft.VisualStudio.TestTools.TestTypes.Unit.UnitTestAdapter, Microsoft.VisualStudio.QualityTools.Tips.UnitTest.Adapter, Version=10.0.0.0, Culture=neutral, PublicKeyToken=b03f5f7f11d50a3a" className="TestCompilerToTiger.UnitTest1, TestCompilerToTiger, Version=1.0.0.0, Culture=neutral, PublicKeyToken=null" name="test_and_operator_returns_value" />
    </UnitTest>
    <UnitTest name="test_test19" storage="h:\lastversion\compiler 8-3-2012\testcompilertotiger\bin\debug\testcompilertotiger.dll" id="cab8b132-edf3-b22a-dafd-52e3f1e74a4c">
      <Execution id="a37fa5d2-a45a-48e5-9ffe-b86fd902eb69" />
      <TestMethod codeBase="H:/lastversion/Compiler 8-3-2012/TestCompilerToTiger/bin/Debug/TestCompilerToTiger.DLL" adapterTypeName="Microsoft.VisualStudio.TestTools.TestTypes.Unit.UnitTestAdapter, Microsoft.VisualStudio.QualityTools.Tips.UnitTest.Adapter, Version=10.0.0.0, Culture=neutral, PublicKeyToken=b03f5f7f11d50a3a" className="TestCompilerToTiger.UnitTest1, TestCompilerToTiger, Version=1.0.0.0, Culture=neutral, PublicKeyToken=null" name="test_test19" />
    </UnitTest>
    <UnitTest name="test_test35" storage="h:\lastversion\compiler 8-3-2012\testcompilertotiger\bin\debug\testcompilertotiger.dll" id="d93fbe60-89ed-bf54-6dfb-bec94ee26025">
      <Execution id="480ff49d-be0f-4d47-b677-c865983155c1" />
      <TestMethod codeBase="H:/lastversion/Compiler 8-3-2012/TestCompilerToTiger/bin/Debug/TestCompilerToTiger.DLL" adapterTypeName="Microsoft.VisualStudio.TestTools.TestTypes.Unit.UnitTestAdapter, Microsoft.VisualStudio.QualityTools.Tips.UnitTest.Adapter, Version=10.0.0.0, Culture=neutral, PublicKeyToken=b03f5f7f11d50a3a" className="TestCompilerToTiger.UnitTest1, TestCompilerToTiger, Version=1.0.0.0, Culture=neutral, PublicKeyToken=null" name="test_test35" />
    </UnitTest>
    <UnitTest name="test_record_literal_invalid_types" storage="h:\lastversion\compiler 8-3-2012\testcompilertotiger\bin\debug\testcompilertotiger.dll" id="f7361c7c-3b0f-6086-f159-11b4844d843d">
      <Execution id="caa274c7-5ac0-4344-8090-b779d1e872b8" />
      <TestMethod codeBase="H:/lastversion/Compiler 8-3-2012/TestCompilerToTiger/bin/Debug/TestCompilerToTiger.DLL" adapterTypeName="Microsoft.VisualStudio.TestTools.TestTypes.Unit.UnitTestAdapter, Microsoft.VisualStudio.QualityTools.Tips.UnitTest.Adapter, Version=10.0.0.0, Culture=neutral, PublicKeyToken=b03f5f7f11d50a3a" className="TestCompilerToTiger.UnitTest1, TestCompilerToTiger, Version=1.0.0.0, Culture=neutral, PublicKeyToken=null" name="test_record_literal_invalid_types" />
    </UnitTest>
    <UnitTest name="test_record_access_incompatibles_types" storage="h:\lastversion\compiler 8-3-2012\testcompilertotiger\bin\debug\testcompilertotiger.dll" id="6cf631e1-db7e-962a-558e-bc54f36bb57a">
      <Execution id="64270eed-5015-4c63-967e-61371a920897" />
      <TestMethod codeBase="H:/lastversion/Compiler 8-3-2012/TestCompilerToTiger/bin/Debug/TestCompilerToTiger.DLL" adapterTypeName="Microsoft.VisualStudio.TestTools.TestTypes.Unit.UnitTestAdapter, Microsoft.VisualStudio.QualityTools.Tips.UnitTest.Adapter, Version=10.0.0.0, Culture=neutral, PublicKeyToken=b03f5f7f11d50a3a" className="TestCompilerToTiger.UnitTest1, TestCompilerToTiger, Version=1.0.0.0, Culture=neutral, PublicKeyToken=null" name="test_record_access_incompatibles_types" />
    </UnitTest>
    <UnitTest name="test_break_out_of_for" storage="h:\lastversion\compiler 8-3-2012\testcompilertotiger\bin\debug\testcompilertotiger.dll" id="ce2a8c2f-bbc2-eed5-1248-002e2907786b">
      <Execution id="f81a6af6-0e37-47eb-ad2a-14b7133e0572" />
      <TestMethod codeBase="H:/lastversion/Compiler 8-3-2012/TestCompilerToTiger/bin/Debug/TestCompilerToTiger.DLL" adapterTypeName="Microsoft.VisualStudio.TestTools.TestTypes.Unit.UnitTestAdapter, Microsoft.VisualStudio.QualityTools.Tips.UnitTest.Adapter, Version=10.0.0.0, Culture=neutral, PublicKeyToken=b03f5f7f11d50a3a" className="TestCompilerToTiger.UnitTest1, TestCompilerToTiger, Version=1.0.0.0, Culture=neutral, PublicKeyToken=null" name="test_break_out_of_for" />
    </UnitTest>
    <UnitTest name="test_undefined_type_for_array_declaration" storage="h:\lastversion\compiler 8-3-2012\testcompilertotiger\bin\debug\testcompilertotiger.dll" id="30a9dc30-d90c-bbee-e587-6b840a964a32">
      <Execution id="a80918ed-f717-4e3e-9106-1787b071ab8f" />
      <TestMethod codeBase="H:/lastversion/Compiler 8-3-2012/TestCompilerToTiger/bin/Debug/TestCompilerToTiger.DLL" adapterTypeName="Microsoft.VisualStudio.TestTools.TestTypes.Unit.UnitTestAdapter, Microsoft.VisualStudio.QualityTools.Tips.UnitTest.Adapter, Version=10.0.0.0, Culture=neutral, PublicKeyToken=b03f5f7f11d50a3a" className="TestCompilerToTiger.UnitTest1, TestCompilerToTiger, Version=1.0.0.0, Culture=neutral, PublicKeyToken=null" name="test_undefined_type_for_array_declaration" />
    </UnitTest>
    <UnitTest name="test_undefined_type_for_alias" storage="h:\lastversion\compiler 8-3-2012\testcompilertotiger\bin\debug\testcompilertotiger.dll" id="ecf43549-1da5-5f9d-4f70-8ce66cfb75f9">
      <Execution id="84ae5738-df62-4a35-8f89-a4cb4f7ec1b7" />
      <TestMethod codeBase="H:/lastversion/Compiler 8-3-2012/TestCompilerToTiger/bin/Debug/TestCompilerToTiger.DLL" adapterTypeName="Microsoft.VisualStudio.TestTools.TestTypes.Unit.UnitTestAdapter, Microsoft.VisualStudio.QualityTools.Tips.UnitTest.Adapter, Version=10.0.0.0, Culture=neutral, PublicKeyToken=b03f5f7f11d50a3a" className="TestCompilerToTiger.UnitTest1, TestCompilerToTiger, Version=1.0.0.0, Culture=neutral, PublicKeyToken=null" name="test_undefined_type_for_alias" />
    </UnitTest>
    <UnitTest name="test_test18" storage="h:\lastversion\compiler 8-3-2012\testcompilertotiger\bin\debug\testcompilertotiger.dll" id="a472785a-6aac-8d41-8d14-3df81fa7d043">
      <Execution id="b44d4472-b56d-4ccb-9b7e-b7205ab455d5" />
      <TestMethod codeBase="H:/lastversion/Compiler 8-3-2012/TestCompilerToTiger/bin/Debug/TestCompilerToTiger.DLL" adapterTypeName="Microsoft.VisualStudio.TestTools.TestTypes.Unit.UnitTestAdapter, Microsoft.VisualStudio.QualityTools.Tips.UnitTest.Adapter, Version=10.0.0.0, Culture=neutral, PublicKeyToken=b03f5f7f11d50a3a" className="TestCompilerToTiger.UnitTest1, TestCompilerToTiger, Version=1.0.0.0, Culture=neutral, PublicKeyToken=null" name="test_test18" />
    </UnitTest>
    <UnitTest name="test_test44" storage="h:\lastversion\compiler 8-3-2012\testcompilertotiger\bin\debug\testcompilertotiger.dll" id="6d72d84f-797d-15c2-7042-642838b6df03">
      <Execution id="1b20ddcf-f7a3-4285-8aac-b93140b944bb" />
      <TestMethod codeBase="H:/lastversion/Compiler 8-3-2012/TestCompilerToTiger/bin/Debug/TestCompilerToTiger.DLL" adapterTypeName="Microsoft.VisualStudio.TestTools.TestTypes.Unit.UnitTestAdapter, Microsoft.VisualStudio.QualityTools.Tips.UnitTest.Adapter, Version=10.0.0.0, Culture=neutral, PublicKeyToken=b03f5f7f11d50a3a" className="TestCompilerToTiger.UnitTest1, TestCompilerToTiger, Version=1.0.0.0, Culture=neutral, PublicKeyToken=null" name="test_test44" />
    </UnitTest>
    <UnitTest name="test_test34" storage="h:\lastversion\compiler 8-3-2012\testcompilertotiger\bin\debug\testcompilertotiger.dll" id="33df6015-371d-7c50-5ef5-d8861ee19e12">
      <Execution id="bf4d251d-9a33-4294-b469-3652c3442cc1" />
      <TestMethod codeBase="H:/lastversion/Compiler 8-3-2012/TestCompilerToTiger/bin/Debug/TestCompilerToTiger.DLL" adapterTypeName="Microsoft.VisualStudio.TestTools.TestTypes.Unit.UnitTestAdapter, Microsoft.VisualStudio.QualityTools.Tips.UnitTest.Adapter, Version=10.0.0.0, Culture=neutral, PublicKeyToken=b03f5f7f11d50a3a" className="TestCompilerToTiger.UnitTest1, TestCompilerToTiger, Version=1.0.0.0, Culture=neutral, PublicKeyToken=null" name="test_test34" />
    </UnitTest>
    <UnitTest name="test_if_then_else_without_return_value" storage="h:\lastversion\compiler 8-3-2012\testcompilertotiger\bin\debug\testcompilertotiger.dll" id="67c163c5-c8d3-5101-e815-2db32a75cf56">
      <Execution id="bb3d1f7c-6748-4f57-a92e-a59b65beea13" />
      <TestMethod codeBase="H:/lastversion/Compiler 8-3-2012/TestCompilerToTiger/bin/Debug/TestCompilerToTiger.DLL" adapterTypeName="Microsoft.VisualStudio.TestTools.TestTypes.Unit.UnitTestAdapter, Microsoft.VisualStudio.QualityTools.Tips.UnitTest.Adapter, Version=10.0.0.0, Culture=neutral, PublicKeyToken=b03f5f7f11d50a3a" className="TestCompilerToTiger.UnitTest1, TestCompilerToTiger, Version=1.0.0.0, Culture=neutral, PublicKeyToken=null" name="test_if_then_else_without_return_value" />
    </UnitTest>
    <UnitTest name="test_test39" storage="h:\lastversion\compiler 8-3-2012\testcompilertotiger\bin\debug\testcompilertotiger.dll" id="f16497eb-6a01-ee64-493f-fa445e31a0a3">
      <Execution id="d9d95887-7968-4332-8c43-dd05060ec9a9" />
      <TestMethod codeBase="H:/lastversion/Compiler 8-3-2012/TestCompilerToTiger/bin/Debug/TestCompilerToTiger.DLL" adapterTypeName="Microsoft.VisualStudio.TestTools.TestTypes.Unit.UnitTestAdapter, Microsoft.VisualStudio.QualityTools.Tips.UnitTest.Adapter, Version=10.0.0.0, Culture=neutral, PublicKeyToken=b03f5f7f11d50a3a" className="TestCompilerToTiger.UnitTest1, TestCompilerToTiger, Version=1.0.0.0, Culture=neutral, PublicKeyToken=null" name="test_test39" />
    </UnitTest>
    <UnitTest name="test_test29" storage="h:\lastversion\compiler 8-3-2012\testcompilertotiger\bin\debug\testcompilertotiger.dll" id="99ccbccc-8faa-d870-7334-5e51e17814a3">
      <Execution id="02561185-1e3c-4fa7-9bbf-daf4040c498d" />
      <TestMethod codeBase="H:/lastversion/Compiler 8-3-2012/TestCompilerToTiger/bin/Debug/TestCompilerToTiger.DLL" adapterTypeName="Microsoft.VisualStudio.TestTools.TestTypes.Unit.UnitTestAdapter, Microsoft.VisualStudio.QualityTools.Tips.UnitTest.Adapter, Version=10.0.0.0, Culture=neutral, PublicKeyToken=b03f5f7f11d50a3a" className="TestCompilerToTiger.UnitTest1, TestCompilerToTiger, Version=1.0.0.0, Culture=neutral, PublicKeyToken=null" name="test_test29" />
    </UnitTest>
    <UnitTest name="test_test37" storage="h:\lastversion\compiler 8-3-2012\testcompilertotiger\bin\debug\testcompilertotiger.dll" id="e23ffe73-c0b4-23de-3266-456dece737db">
      <Execution id="6cb3005e-9a6e-403a-a245-bae734d79ec2" />
      <TestMethod codeBase="H:/lastversion/Compiler 8-3-2012/TestCompilerToTiger/bin/Debug/TestCompilerToTiger.DLL" adapterTypeName="Microsoft.VisualStudio.TestTools.TestTypes.Unit.UnitTestAdapter, Microsoft.VisualStudio.QualityTools.Tips.UnitTest.Adapter, Version=10.0.0.0, Culture=neutral, PublicKeyToken=b03f5f7f11d50a3a" className="TestCompilerToTiger.UnitTest1, TestCompilerToTiger, Version=1.0.0.0, Culture=neutral, PublicKeyToken=null" name="test_test37" />
    </UnitTest>
    <UnitTest name="test_test45" storage="h:\lastversion\compiler 8-3-2012\testcompilertotiger\bin\debug\testcompilertotiger.dll" id="cda3dbd2-47ba-daee-07dc-a896644e4d82">
      <Execution id="ac0306d0-4604-4351-94cf-ae77b164b4a2" />
      <TestMethod codeBase="H:/lastversion/Compiler 8-3-2012/TestCompilerToTiger/bin/Debug/TestCompilerToTiger.DLL" adapterTypeName="Microsoft.VisualStudio.TestTools.TestTypes.Unit.UnitTestAdapter, Microsoft.VisualStudio.QualityTools.Tips.UnitTest.Adapter, Version=10.0.0.0, Culture=neutral, PublicKeyToken=b03f5f7f11d50a3a" className="TestCompilerToTiger.UnitTest1, TestCompilerToTiger, Version=1.0.0.0, Culture=neutral, PublicKeyToken=null" name="test_test45" />
    </UnitTest>
    <UnitTest name="test_procedure_same_parameters_name" storage="h:\lastversion\compiler 8-3-2012\testcompilertotiger\bin\debug\testcompilertotiger.dll" id="3c85eb83-557f-5abd-129b-c696176453d1">
      <Execution id="21b466dc-09ae-4b0a-95d1-d759622cdd6b" />
      <TestMethod codeBase="H:/lastversion/Compiler 8-3-2012/TestCompilerToTiger/bin/Debug/TestCompilerToTiger.DLL" adapterTypeName="Microsoft.VisualStudio.TestTools.TestTypes.Unit.UnitTestAdapter, Microsoft.VisualStudio.QualityTools.Tips.UnitTest.Adapter, Version=10.0.0.0, Culture=neutral, PublicKeyToken=b03f5f7f11d50a3a" className="TestCompilerToTiger.UnitTest1, TestCompilerToTiger, Version=1.0.0.0, Culture=neutral, PublicKeyToken=null" name="test_procedure_same_parameters_name" />
    </UnitTest>
    <UnitTest name="test_test10" storage="h:\lastversion\compiler 8-3-2012\testcompilertotiger\bin\debug\testcompilertotiger.dll" id="9936c7db-6cf6-2051-5d72-b9fe5c8e1ada">
      <Execution id="1b3942db-6417-4e10-919b-e6aa6e9b3e9a" />
      <TestMethod codeBase="H:/lastversion/Compiler 8-3-2012/TestCompilerToTiger/bin/Debug/TestCompilerToTiger.DLL" adapterTypeName="Microsoft.VisualStudio.TestTools.TestTypes.Unit.UnitTestAdapter, Microsoft.VisualStudio.QualityTools.Tips.UnitTest.Adapter, Version=10.0.0.0, Culture=neutral, PublicKeyToken=b03f5f7f11d50a3a" className="TestCompilerToTiger.UnitTest1, TestCompilerToTiger, Version=1.0.0.0, Culture=neutral, PublicKeyToken=null" name="test_test10" />
    </UnitTest>
    <UnitTest name="test_mod2" storage="h:\lastversion\compiler 8-3-2012\testcompilertotiger\bin\debug\testcompilertotiger.dll" id="3eaf5a1b-09ff-aa0a-8696-77810f03640d">
      <Execution id="a86ee4c2-32b7-49b9-bd83-7255027c8689" />
      <TestMethod codeBase="H:/lastversion/Compiler 8-3-2012/TestCompilerToTiger/bin/Debug/TestCompilerToTiger.DLL" adapterTypeName="Microsoft.VisualStudio.TestTools.TestTypes.Unit.UnitTestAdapter, Microsoft.VisualStudio.QualityTools.Tips.UnitTest.Adapter, Version=10.0.0.0, Culture=neutral, PublicKeyToken=b03f5f7f11d50a3a" className="TestCompilerToTiger.UnitTest1, TestCompilerToTiger, Version=1.0.0.0, Culture=neutral, PublicKeyToken=null" name="test_mod2" />
    </UnitTest>
    <UnitTest name="test_nested_unavailable_function" storage="h:\lastversion\compiler 8-3-2012\testcompilertotiger\bin\debug\testcompilertotiger.dll" id="c61736dc-d6c8-f953-d484-0d9a5b344127">
      <Execution id="e2f40afe-f1f4-42f6-99d9-6aa6de04e8d3" />
      <TestMethod codeBase="H:/lastversion/Compiler 8-3-2012/TestCompilerToTiger/bin/Debug/TestCompilerToTiger.DLL" adapterTypeName="Microsoft.VisualStudio.TestTools.TestTypes.Unit.UnitTestAdapter, Microsoft.VisualStudio.QualityTools.Tips.UnitTest.Adapter, Version=10.0.0.0, Culture=neutral, PublicKeyToken=b03f5f7f11d50a3a" className="TestCompilerToTiger.UnitTest1, TestCompilerToTiger, Version=1.0.0.0, Culture=neutral, PublicKeyToken=null" name="test_nested_unavailable_function" />
    </UnitTest>
    <UnitTest name="test_inferred_variable_incompatibles_type" storage="h:\lastversion\compiler 8-3-2012\testcompilertotiger\bin\debug\testcompilertotiger.dll" id="b4c7ef8d-acd4-bb81-a04e-3b27f1d00de4">
      <Execution id="5b60770e-9060-4084-92ca-19761becccfa" />
      <TestMethod codeBase="H:/lastversion/Compiler 8-3-2012/TestCompilerToTiger/bin/Debug/TestCompilerToTiger.DLL" adapterTypeName="Microsoft.VisualStudio.TestTools.TestTypes.Unit.UnitTestAdapter, Microsoft.VisualStudio.QualityTools.Tips.UnitTest.Adapter, Version=10.0.0.0, Culture=neutral, PublicKeyToken=b03f5f7f11d50a3a" className="TestCompilerToTiger.UnitTest1, TestCompilerToTiger, Version=1.0.0.0, Culture=neutral, PublicKeyToken=null" name="test_inferred_variable_incompatibles_type" />
    </UnitTest>
    <UnitTest name="test_and_operator_invalid_type_operands" storage="h:\lastversion\compiler 8-3-2012\testcompilertotiger\bin\debug\testcompilertotiger.dll" id="6491bb9a-c473-c29d-0621-addaa45ea010">
      <Execution id="6725d5a7-67df-487d-b66f-8b9237f5e885" />
      <TestMethod codeBase="H:/lastversion/Compiler 8-3-2012/TestCompilerToTiger/bin/Debug/TestCompilerToTiger.DLL" adapterTypeName="Microsoft.VisualStudio.TestTools.TestTypes.Unit.UnitTestAdapter, Microsoft.VisualStudio.QualityTools.Tips.UnitTest.Adapter, Version=10.0.0.0, Culture=neutral, PublicKeyToken=b03f5f7f11d50a3a" className="TestCompilerToTiger.UnitTest1, TestCompilerToTiger, Version=1.0.0.0, Culture=neutral, PublicKeyToken=null" name="test_and_operator_invalid_type_operands" />
    </UnitTest>
    <UnitTest name="test_differents_types_array_assign" storage="h:\lastversion\compiler 8-3-2012\testcompilertotiger\bin\debug\testcompilertotiger.dll" id="f1ff68f4-2ce6-1ac3-921c-079b2b95706c">
      <Execution id="450a2709-948a-40d4-9b54-88f8ff982fa9" />
      <TestMethod codeBase="H:/lastversion/Compiler 8-3-2012/TestCompilerToTiger/bin/Debug/TestCompilerToTiger.DLL" adapterTypeName="Microsoft.VisualStudio.TestTools.TestTypes.Unit.UnitTestAdapter, Microsoft.VisualStudio.QualityTools.Tips.UnitTest.Adapter, Version=10.0.0.0, Culture=neutral, PublicKeyToken=b03f5f7f11d50a3a" className="TestCompilerToTiger.UnitTest1, TestCompilerToTiger, Version=1.0.0.0, Culture=neutral, PublicKeyToken=null" name="test_differents_types_array_assign" />
    </UnitTest>
    <UnitTest name="test_merge" storage="h:\lastversion\compiler 8-3-2012\testcompilertotiger\bin\debug\testcompilertotiger.dll" id="019531f9-6c6d-6148-ff2d-d7912780c031">
      <Execution id="bde555c4-534c-4d6e-9727-3f1673e0a54b" />
      <TestMethod codeBase="H:/lastversion/Compiler 8-3-2012/TestCompilerToTiger/bin/Debug/TestCompilerToTiger.DLL" adapterTypeName="Microsoft.VisualStudio.TestTools.TestTypes.Unit.UnitTestAdapter, Microsoft.VisualStudio.QualityTools.Tips.UnitTest.Adapter, Version=10.0.0.0, Culture=neutral, PublicKeyToken=b03f5f7f11d50a3a" className="TestCompilerToTiger.UnitTest1, TestCompilerToTiger, Version=1.0.0.0, Culture=neutral, PublicKeyToken=null" name="test_merge" />
    </UnitTest>
    <UnitTest name="test_mod5" storage="h:\lastversion\compiler 8-3-2012\testcompilertotiger\bin\debug\testcompilertotiger.dll" id="a44cd249-8572-57ab-7e94-76db5bad3054">
      <Execution id="514b4267-a439-4147-80ca-c54af563e53d" />
      <TestMethod codeBase="H:/lastversion/Compiler 8-3-2012/TestCompilerToTiger/bin/Debug/TestCompilerToTiger.DLL" adapterTypeName="Microsoft.VisualStudio.TestTools.TestTypes.Unit.UnitTestAdapter, Microsoft.VisualStudio.QualityTools.Tips.UnitTest.Adapter, Version=10.0.0.0, Culture=neutral, PublicKeyToken=b03f5f7f11d50a3a" className="TestCompilerToTiger.UnitTest1, TestCompilerToTiger, Version=1.0.0.0, Culture=neutral, PublicKeyToken=null" name="test_mod5" />
    </UnitTest>
    <UnitTest name="test_test33" storage="h:\lastversion\compiler 8-3-2012\testcompilertotiger\bin\debug\testcompilertotiger.dll" id="f178d479-04b2-1f51-5b83-340d9c464883">
      <Execution id="1f4a5d13-7359-4e2a-8c37-723a1a260f2b" />
      <TestMethod codeBase="H:/lastversion/Compiler 8-3-2012/TestCompilerToTiger/bin/Debug/TestCompilerToTiger.DLL" adapterTypeName="Microsoft.VisualStudio.TestTools.TestTypes.Unit.UnitTestAdapter, Microsoft.VisualStudio.QualityTools.Tips.UnitTest.Adapter, Version=10.0.0.0, Culture=neutral, PublicKeyToken=b03f5f7f11d50a3a" className="TestCompilerToTiger.UnitTest1, TestCompilerToTiger, Version=1.0.0.0, Culture=neutral, PublicKeyToken=null" name="test_test33" />
    </UnitTest>
    <UnitTest name="test_test23" storage="h:\lastversion\compiler 8-3-2012\testcompilertotiger\bin\debug\testcompilertotiger.dll" id="570f88f9-f5f9-b4a9-ed6f-3034933d7208">
      <Execution id="fa5b8c53-d3c8-4dec-859a-5eedc51a9e8a" />
      <TestMethod codeBase="H:/lastversion/Compiler 8-3-2012/TestCompilerToTiger/bin/Debug/TestCompilerToTiger.DLL" adapterTypeName="Microsoft.VisualStudio.TestTools.TestTypes.Unit.UnitTestAdapter, Microsoft.VisualStudio.QualityTools.Tips.UnitTest.Adapter, Version=10.0.0.0, Culture=neutral, PublicKeyToken=b03f5f7f11d50a3a" className="TestCompilerToTiger.UnitTest1, TestCompilerToTiger, Version=1.0.0.0, Culture=neutral, PublicKeyToken=null" name="test_test23" />
    </UnitTest>
    <UnitTest name="test_invalid_mutually_recursive_record_depth_4" storage="h:\lastversion\compiler 8-3-2012\testcompilertotiger\bin\debug\testcompilertotiger.dll" id="4f876700-47e2-ddf4-4e1d-31ab9f1d665d">
      <Execution id="fb97f916-c4fc-440a-bebc-71b4df557b44" />
      <TestMethod codeBase="H:/lastversion/Compiler 8-3-2012/TestCompilerToTiger/bin/Debug/TestCompilerToTiger.DLL" adapterTypeName="Microsoft.VisualStudio.TestTools.TestTypes.Unit.UnitTestAdapter, Microsoft.VisualStudio.QualityTools.Tips.UnitTest.Adapter, Version=10.0.0.0, Culture=neutral, PublicKeyToken=b03f5f7f11d50a3a" className="TestCompilerToTiger.UnitTest1, TestCompilerToTiger, Version=1.0.0.0, Culture=neutral, PublicKeyToken=null" name="test_invalid_mutually_recursive_record_depth_4" />
    </UnitTest>
    <UnitTest name="test_test31" storage="h:\lastversion\compiler 8-3-2012\testcompilertotiger\bin\debug\testcompilertotiger.dll" id="baf2563e-3009-d447-b0e7-170ab8463071">
      <Execution id="298caa93-a6a4-415c-9cde-85a68b7fe3a1" />
      <TestMethod codeBase="H:/lastversion/Compiler 8-3-2012/TestCompilerToTiger/bin/Debug/TestCompilerToTiger.DLL" adapterTypeName="Microsoft.VisualStudio.TestTools.TestTypes.Unit.UnitTestAdapter, Microsoft.VisualStudio.QualityTools.Tips.UnitTest.Adapter, Version=10.0.0.0, Culture=neutral, PublicKeyToken=b03f5f7f11d50a3a" className="TestCompilerToTiger.UnitTest1, TestCompilerToTiger, Version=1.0.0.0, Culture=neutral, PublicKeyToken=null" name="test_test31" />
    </UnitTest>
    <UnitTest name="test_mod4" storage="h:\lastversion\compiler 8-3-2012\testcompilertotiger\bin\debug\testcompilertotiger.dll" id="c3679b4e-0952-8b62-ff50-a38002b5bb13">
      <Execution id="0c46392f-ed6f-4df7-b84b-676eb43a8747" />
      <TestMethod codeBase="H:/lastversion/Compiler 8-3-2012/TestCompilerToTiger/bin/Debug/TestCompilerToTiger.DLL" adapterTypeName="Microsoft.VisualStudio.TestTools.TestTypes.Unit.UnitTestAdapter, Microsoft.VisualStudio.QualityTools.Tips.UnitTest.Adapter, Version=10.0.0.0, Culture=neutral, PublicKeyToken=b03f5f7f11d50a3a" className="TestCompilerToTiger.UnitTest1, TestCompilerToTiger, Version=1.0.0.0, Culture=neutral, PublicKeyToken=null" name="test_mod4" />
    </UnitTest>
    <UnitTest name="test_test2" storage="h:\lastversion\compiler 8-3-2012\testcompilertotiger\bin\debug\testcompilertotiger.dll" id="c4fb2239-0b02-8afd-06d9-ec6f804a8a52">
      <Execution id="12b08d79-6f5e-4595-9749-55af137ff4f1" />
      <TestMethod codeBase="H:/lastversion/Compiler 8-3-2012/TestCompilerToTiger/bin/Debug/TestCompilerToTiger.DLL" adapterTypeName="Microsoft.VisualStudio.TestTools.TestTypes.Unit.UnitTestAdapter, Microsoft.VisualStudio.QualityTools.Tips.UnitTest.Adapter, Version=10.0.0.0, Culture=neutral, PublicKeyToken=b03f5f7f11d50a3a" className="TestCompilerToTiger.UnitTest1, TestCompilerToTiger, Version=1.0.0.0, Culture=neutral, PublicKeyToken=null" name="test_test2" />
    </UnitTest>
    <UnitTest name="test_mod7_2" storage="h:\lastversion\compiler 8-3-2012\testcompilertotiger\bin\debug\testcompilertotiger.dll" id="f72187fc-b3e0-b7a6-6724-df81d1bfb604">
      <Execution id="18651bf0-5455-45f1-8058-f62c347e3c5a" />
      <TestMethod codeBase="H:/lastversion/Compiler 8-3-2012/TestCompilerToTiger/bin/Debug/TestCompilerToTiger.DLL" adapterTypeName="Microsoft.VisualStudio.TestTools.TestTypes.Unit.UnitTestAdapter, Microsoft.VisualStudio.QualityTools.Tips.UnitTest.Adapter, Version=10.0.0.0, Culture=neutral, PublicKeyToken=b03f5f7f11d50a3a" className="TestCompilerToTiger.UnitTest1, TestCompilerToTiger, Version=1.0.0.0, Culture=neutral, PublicKeyToken=null" name="test_mod7_2" />
    </UnitTest>
    <UnitTest name="test_test27" storage="h:\lastversion\compiler 8-3-2012\testcompilertotiger\bin\debug\testcompilertotiger.dll" id="a077de67-c679-41e7-f6a0-f3e9004988c8">
      <Execution id="578a0c62-5f53-4aaa-bfa7-86c1cf30cef8" />
      <TestMethod codeBase="H:/lastversion/Compiler 8-3-2012/TestCompilerToTiger/bin/Debug/TestCompilerToTiger.DLL" adapterTypeName="Microsoft.VisualStudio.TestTools.TestTypes.Unit.UnitTestAdapter, Microsoft.VisualStudio.QualityTools.Tips.UnitTest.Adapter, Version=10.0.0.0, Culture=neutral, PublicKeyToken=b03f5f7f11d50a3a" className="TestCompilerToTiger.UnitTest1, TestCompilerToTiger, Version=1.0.0.0, Culture=neutral, PublicKeyToken=null" name="test_test27" />
    </UnitTest>
    <UnitTest name="test_mod7_3" storage="h:\lastversion\compiler 8-3-2012\testcompilertotiger\bin\debug\testcompilertotiger.dll" id="23273fad-a655-fb19-0591-a880a70c5eeb">
      <Execution id="c50fe7f5-7ecb-4248-85b3-4295621538ec" />
      <TestMethod codeBase="H:/lastversion/Compiler 8-3-2012/TestCompilerToTiger/bin/Debug/TestCompilerToTiger.DLL" adapterTypeName="Microsoft.VisualStudio.TestTools.TestTypes.Unit.UnitTestAdapter, Microsoft.VisualStudio.QualityTools.Tips.UnitTest.Adapter, Version=10.0.0.0, Culture=neutral, PublicKeyToken=b03f5f7f11d50a3a" className="TestCompilerToTiger.UnitTest1, TestCompilerToTiger, Version=1.0.0.0, Culture=neutral, PublicKeyToken=null" name="test_mod7_3" />
    </UnitTest>
    <UnitTest name="test_test50" storage="h:\lastversion\compiler 8-3-2012\testcompilertotiger\bin\debug\testcompilertotiger.dll" id="0ff029d3-12bf-eeea-36b5-2f404d00e87a">
      <Execution id="dd4bfd23-eadc-4fa0-8658-f9f0c69fef70" />
      <TestMethod codeBase="H:/lastversion/Compiler 8-3-2012/TestCompilerToTiger/bin/Debug/TestCompilerToTiger.DLL" adapterTypeName="Microsoft.VisualStudio.TestTools.TestTypes.Unit.UnitTestAdapter, Microsoft.VisualStudio.QualityTools.Tips.UnitTest.Adapter, Version=10.0.0.0, Culture=neutral, PublicKeyToken=b03f5f7f11d50a3a" className="TestCompilerToTiger.UnitTest1, TestCompilerToTiger, Version=1.0.0.0, Culture=neutral, PublicKeyToken=null" name="test_test50" />
    </UnitTest>
    <UnitTest name="test_queens" storage="h:\lastversion\compiler 8-3-2012\testcompilertotiger\bin\debug\testcompilertotiger.dll" id="e6694f75-d598-6ffe-9c8e-bbfaecee7755">
      <Execution id="989649cb-a490-4827-b210-63997952a4f6" />
      <TestMethod codeBase="H:/lastversion/Compiler 8-3-2012/TestCompilerToTiger/bin/Debug/TestCompilerToTiger.DLL" adapterTypeName="Microsoft.VisualStudio.TestTools.TestTypes.Unit.UnitTestAdapter, Microsoft.VisualStudio.QualityTools.Tips.UnitTest.Adapter, Version=10.0.0.0, Culture=neutral, PublicKeyToken=b03f5f7f11d50a3a" className="TestCompilerToTiger.UnitTest1, TestCompilerToTiger, Version=1.0.0.0, Culture=neutral, PublicKeyToken=null" name="test_queens" />
    </UnitTest>
    <UnitTest name="test_test17" storage="h:\lastversion\compiler 8-3-2012\testcompilertotiger\bin\debug\testcompilertotiger.dll" id="da3e1bea-fd68-3dc0-d517-eb40039703ee">
      <Execution id="cdcf8c98-a083-4901-879f-b52aefe094b1" />
      <TestMethod codeBase="H:/lastversion/Compiler 8-3-2012/TestCompilerToTiger/bin/Debug/TestCompilerToTiger.DLL" adapterTypeName="Microsoft.VisualStudio.TestTools.TestTypes.Unit.UnitTestAdapter, Microsoft.VisualStudio.QualityTools.Tips.UnitTest.Adapter, Version=10.0.0.0, Culture=neutral, PublicKeyToken=b03f5f7f11d50a3a" className="TestCompilerToTiger.UnitTest1, TestCompilerToTiger, Version=1.0.0.0, Culture=neutral, PublicKeyToken=null" name="test_test17" />
    </UnitTest>
    <UnitTest name="test_test6" storage="h:\lastversion\compiler 8-3-2012\testcompilertotiger\bin\debug\testcompilertotiger.dll" id="5607c4ab-1b6e-27ef-88db-5c98aa28e993">
      <Execution id="081d0571-f83d-4793-bb8e-ccc30eb27ec3" />
      <TestMethod codeBase="H:/lastversion/Compiler 8-3-2012/TestCompilerToTiger/bin/Debug/TestCompilerToTiger.DLL" adapterTypeName="Microsoft.VisualStudio.TestTools.TestTypes.Unit.UnitTestAdapter, Microsoft.VisualStudio.QualityTools.Tips.UnitTest.Adapter, Version=10.0.0.0, Culture=neutral, PublicKeyToken=b03f5f7f11d50a3a" className="TestCompilerToTiger.UnitTest1, TestCompilerToTiger, Version=1.0.0.0, Culture=neutral, PublicKeyToken=null" name="test_test6" />
    </UnitTest>
    <UnitTest name="test_mutually_recursive_alias" storage="h:\lastversion\compiler 8-3-2012\testcompilertotiger\bin\debug\testcompilertotiger.dll" id="b59a94a6-b3eb-5bc0-dedb-53c312b3dd38">
      <Execution id="3c3788a6-3e68-4a79-937a-718d249ef96b" />
      <TestMethod codeBase="H:/lastversion/Compiler 8-3-2012/TestCompilerToTiger/bin/Debug/TestCompilerToTiger.DLL" adapterTypeName="Microsoft.VisualStudio.TestTools.TestTypes.Unit.UnitTestAdapter, Microsoft.VisualStudio.QualityTools.Tips.UnitTest.Adapter, Version=10.0.0.0, Culture=neutral, PublicKeyToken=b03f5f7f11d50a3a" className="TestCompilerToTiger.UnitTest1, TestCompilerToTiger, Version=1.0.0.0, Culture=neutral, PublicKeyToken=null" name="test_mutually_recursive_alias" />
    </UnitTest>
    <UnitTest name="test_test46" storage="h:\lastversion\compiler 8-3-2012\testcompilertotiger\bin\debug\testcompilertotiger.dll" id="ff4c30d4-0e18-8aac-65dc-3010d8dc6819">
      <Execution id="b5655b4d-cf9e-4385-8d6a-4ed7fe17acf2" />
      <TestMethod codeBase="H:/lastversion/Compiler 8-3-2012/TestCompilerToTiger/bin/Debug/TestCompilerToTiger.DLL" adapterTypeName="Microsoft.VisualStudio.TestTools.TestTypes.Unit.UnitTestAdapter, Microsoft.VisualStudio.QualityTools.Tips.UnitTest.Adapter, Version=10.0.0.0, Culture=neutral, PublicKeyToken=b03f5f7f11d50a3a" className="TestCompilerToTiger.UnitTest1, TestCompilerToTiger, Version=1.0.0.0, Culture=neutral, PublicKeyToken=null" name="test_test46" />
    </UnitTest>
    <UnitTest name="test_test16" storage="h:\lastversion\compiler 8-3-2012\testcompilertotiger\bin\debug\testcompilertotiger.dll" id="fb90f7ed-7430-80a6-0f96-1278e7153aad">
      <Execution id="14816315-54c7-469b-85dc-dbe18451fcb0" />
      <TestMethod codeBase="H:/lastversion/Compiler 8-3-2012/TestCompilerToTiger/bin/Debug/TestCompilerToTiger.DLL" adapterTypeName="Microsoft.VisualStudio.TestTools.TestTypes.Unit.UnitTestAdapter, Microsoft.VisualStudio.QualityTools.Tips.UnitTest.Adapter, Version=10.0.0.0, Culture=neutral, PublicKeyToken=b03f5f7f11d50a3a" className="TestCompilerToTiger.UnitTest1, TestCompilerToTiger, Version=1.0.0.0, Culture=neutral, PublicKeyToken=null" name="test_test16" />
    </UnitTest>
    <UnitTest name="test_break_out_of_while" storage="h:\lastversion\compiler 8-3-2012\testcompilertotiger\bin\debug\testcompilertotiger.dll" id="29c89c54-d7fb-f98d-1f2a-27aade8fb1a1">
      <Execution id="0b14e841-cb87-4633-ba78-10cf18cc30c7" />
      <TestMethod codeBase="H:/lastversion/Compiler 8-3-2012/TestCompilerToTiger/bin/Debug/TestCompilerToTiger.DLL" adapterTypeName="Microsoft.VisualStudio.TestTools.TestTypes.Unit.UnitTestAdapter, Microsoft.VisualStudio.QualityTools.Tips.UnitTest.Adapter, Version=10.0.0.0, Culture=neutral, PublicKeyToken=b03f5f7f11d50a3a" className="TestCompilerToTiger.UnitTest1, TestCompilerToTiger, Version=1.0.0.0, Culture=neutral, PublicKeyToken=null" name="test_break_out_of_while" />
    </UnitTest>
    <UnitTest name="test_expression_sequence_returns_last_value" storage="h:\lastversion\compiler 8-3-2012\testcompilertotiger\bin\debug\testcompilertotiger.dll" id="83e78d72-b212-dd46-9548-fec8071552c7">
      <Execution id="061d95cd-8261-418a-a97d-d5f8550c02b4" />
      <TestMethod codeBase="H:/lastversion/Compiler 8-3-2012/TestCompilerToTiger/bin/Debug/TestCompilerToTiger.DLL" adapterTypeName="Microsoft.VisualStudio.TestTools.TestTypes.Unit.UnitTestAdapter, Microsoft.VisualStudio.QualityTools.Tips.UnitTest.Adapter, Version=10.0.0.0, Culture=neutral, PublicKeyToken=b03f5f7f11d50a3a" className="TestCompilerToTiger.UnitTest1, TestCompilerToTiger, Version=1.0.0.0, Culture=neutral, PublicKeyToken=null" name="test_expression_sequence_returns_last_value" />
    </UnitTest>
    <UnitTest name="test_mod8" storage="h:\lastversion\compiler 8-3-2012\testcompilertotiger\bin\debug\testcompilertotiger.dll" id="510d376c-bc82-1db9-4c26-7765bd4900fd">
      <Execution id="46f778ca-60c8-49d4-ba0e-b553d6fe255a" />
      <TestMethod codeBase="H:/lastversion/Compiler 8-3-2012/TestCompilerToTiger/bin/Debug/TestCompilerToTiger.DLL" adapterTypeName="Microsoft.VisualStudio.TestTools.TestTypes.Unit.UnitTestAdapter, Microsoft.VisualStudio.QualityTools.Tips.UnitTest.Adapter, Version=10.0.0.0, Culture=neutral, PublicKeyToken=b03f5f7f11d50a3a" className="TestCompilerToTiger.UnitTest1, TestCompilerToTiger, Version=1.0.0.0, Culture=neutral, PublicKeyToken=null" name="test_mod8" />
    </UnitTest>
    <UnitTest name="test_access_complex" storage="h:\lastversion\compiler 8-3-2012\testcompilertotiger\bin\debug\testcompilertotiger.dll" id="487ad327-ee86-41b7-ddc2-994627f0d66e">
      <Execution id="dd418652-7470-4b6d-a000-1abc28ec3948" />
      <TestMethod codeBase="H:/lastversion/Compiler 8-3-2012/TestCompilerToTiger/bin/Debug/TestCompilerToTiger.DLL" adapterTypeName="Microsoft.VisualStudio.TestTools.TestTypes.Unit.UnitTestAdapter, Microsoft.VisualStudio.QualityTools.Tips.UnitTest.Adapter, Version=10.0.0.0, Culture=neutral, PublicKeyToken=b03f5f7f11d50a3a" className="TestCompilerToTiger.UnitTest1, TestCompilerToTiger, Version=1.0.0.0, Culture=neutral, PublicKeyToken=null" name="test_access_complex" />
    </UnitTest>
    <UnitTest name="test_mod3" storage="h:\lastversion\compiler 8-3-2012\testcompilertotiger\bin\debug\testcompilertotiger.dll" id="97171acb-cce5-bb87-edb1-a40947c57107">
      <Execution id="9d2f91c4-56ad-4dfc-a959-6aea175d1315" />
      <TestMethod codeBase="H:/lastversion/Compiler 8-3-2012/TestCompilerToTiger/bin/Debug/TestCompilerToTiger.DLL" adapterTypeName="Microsoft.VisualStudio.TestTools.TestTypes.Unit.UnitTestAdapter, Microsoft.VisualStudio.QualityTools.Tips.UnitTest.Adapter, Version=10.0.0.0, Culture=neutral, PublicKeyToken=b03f5f7f11d50a3a" className="TestCompilerToTiger.UnitTest1, TestCompilerToTiger, Version=1.0.0.0, Culture=neutral, PublicKeyToken=null" name="test_mod3" />
    </UnitTest>
    <UnitTest name="test_incompatible_types_jagged_array" storage="h:\lastversion\compiler 8-3-2012\testcompilertotiger\bin\debug\testcompilertotiger.dll" id="bedda814-012f-44ec-c334-f993d0f501c2">
      <Execution id="0faa946d-d92b-4ce2-8d7d-e4f69b97cef7" />
      <TestMethod codeBase="H:/lastversion/Compiler 8-3-2012/TestCompilerToTiger/bin/Debug/TestCompilerToTiger.DLL" adapterTypeName="Microsoft.VisualStudio.TestTools.TestTypes.Unit.UnitTestAdapter, Microsoft.VisualStudio.QualityTools.Tips.UnitTest.Adapter, Version=10.0.0.0, Culture=neutral, PublicKeyToken=b03f5f7f11d50a3a" className="TestCompilerToTiger.UnitTest1, TestCompilerToTiger, Version=1.0.0.0, Culture=neutral, PublicKeyToken=null" name="test_incompatible_types_jagged_array" />
    </UnitTest>
    <UnitTest name="test_record_literal_less_params" storage="h:\lastversion\compiler 8-3-2012\testcompilertotiger\bin\debug\testcompilertotiger.dll" id="653eb7ac-1e40-67fb-ee64-62985c81131e">
      <Execution id="a6b53896-e33d-4b1c-b565-11558f41f3dc" />
      <TestMethod codeBase="H:/lastversion/Compiler 8-3-2012/TestCompilerToTiger/bin/Debug/TestCompilerToTiger.DLL" adapterTypeName="Microsoft.VisualStudio.TestTools.TestTypes.Unit.UnitTestAdapter, Microsoft.VisualStudio.QualityTools.Tips.UnitTest.Adapter, Version=10.0.0.0, Culture=neutral, PublicKeyToken=b03f5f7f11d50a3a" className="TestCompilerToTiger.UnitTest1, TestCompilerToTiger, Version=1.0.0.0, Culture=neutral, PublicKeyToken=null" name="test_record_literal_less_params" />
    </UnitTest>
    <UnitTest name="test_test4" storage="h:\lastversion\compiler 8-3-2012\testcompilertotiger\bin\debug\testcompilertotiger.dll" id="909f0493-3a2b-3db1-9239-46de00bd2132">
      <Execution id="25e5e42e-171f-498a-96fb-98214a83b626" />
      <TestMethod codeBase="H:/lastversion/Compiler 8-3-2012/TestCompilerToTiger/bin/Debug/TestCompilerToTiger.DLL" adapterTypeName="Microsoft.VisualStudio.TestTools.TestTypes.Unit.UnitTestAdapter, Microsoft.VisualStudio.QualityTools.Tips.UnitTest.Adapter, Version=10.0.0.0, Culture=neutral, PublicKeyToken=b03f5f7f11d50a3a" className="TestCompilerToTiger.UnitTest1, TestCompilerToTiger, Version=1.0.0.0, Culture=neutral, PublicKeyToken=null" name="test_test4" />
    </UnitTest>
    <UnitTest name="test_test48" storage="h:\lastversion\compiler 8-3-2012\testcompilertotiger\bin\debug\testcompilertotiger.dll" id="d050111e-1afa-c332-bab6-dc16fcf18a86">
      <Execution id="4c8ce671-4be1-40d2-86b6-cee157968bea" />
      <TestMethod codeBase="H:/lastversion/Compiler 8-3-2012/TestCompilerToTiger/bin/Debug/TestCompilerToTiger.DLL" adapterTypeName="Microsoft.VisualStudio.TestTools.TestTypes.Unit.UnitTestAdapter, Microsoft.VisualStudio.QualityTools.Tips.UnitTest.Adapter, Version=10.0.0.0, Culture=neutral, PublicKeyToken=b03f5f7f11d50a3a" className="TestCompilerToTiger.UnitTest1, TestCompilerToTiger, Version=1.0.0.0, Culture=neutral, PublicKeyToken=null" name="test_test48" />
    </UnitTest>
    <UnitTest name="test_test38" storage="h:\lastversion\compiler 8-3-2012\testcompilertotiger\bin\debug\testcompilertotiger.dll" id="3c5d2c78-6807-923e-0707-565f55826a52">
      <Execution id="e0497b55-6404-46c5-b068-8cbf74f7997b" />
      <TestMethod codeBase="H:/lastversion/Compiler 8-3-2012/TestCompilerToTiger/bin/Debug/TestCompilerToTiger.DLL" adapterTypeName="Microsoft.VisualStudio.TestTools.TestTypes.Unit.UnitTestAdapter, Microsoft.VisualStudio.QualityTools.Tips.UnitTest.Adapter, Version=10.0.0.0, Culture=neutral, PublicKeyToken=b03f5f7f11d50a3a" className="TestCompilerToTiger.UnitTest1, TestCompilerToTiger, Version=1.0.0.0, Culture=neutral, PublicKeyToken=null" name="test_test38" />
    </UnitTest>
    <UnitTest name="test_test42" storage="h:\lastversion\compiler 8-3-2012\testcompilertotiger\bin\debug\testcompilertotiger.dll" id="c20e51b4-12b3-e19f-44f0-68b615cb9d34">
      <Execution id="bc1e1465-23d0-4c68-a6c2-188ff7e7a317" />
      <TestMethod codeBase="H:/lastversion/Compiler 8-3-2012/TestCompilerToTiger/bin/Debug/TestCompilerToTiger.DLL" adapterTypeName="Microsoft.VisualStudio.TestTools.TestTypes.Unit.UnitTestAdapter, Microsoft.VisualStudio.QualityTools.Tips.UnitTest.Adapter, Version=10.0.0.0, Culture=neutral, PublicKeyToken=b03f5f7f11d50a3a" className="TestCompilerToTiger.UnitTest1, TestCompilerToTiger, Version=1.0.0.0, Culture=neutral, PublicKeyToken=null" name="test_test42" />
    </UnitTest>
    <UnitTest name="test_test9" storage="h:\lastversion\compiler 8-3-2012\testcompilertotiger\bin\debug\testcompilertotiger.dll" id="d6875146-3a82-65ba-0dc8-a42d822217f6">
      <Execution id="2019035c-a583-4cb9-9f6e-dc18a84f2e82" />
      <TestMethod codeBase="H:/lastversion/Compiler 8-3-2012/TestCompilerToTiger/bin/Debug/TestCompilerToTiger.DLL" adapterTypeName="Microsoft.VisualStudio.TestTools.TestTypes.Unit.UnitTestAdapter, Microsoft.VisualStudio.QualityTools.Tips.UnitTest.Adapter, Version=10.0.0.0, Culture=neutral, PublicKeyToken=b03f5f7f11d50a3a" className="TestCompilerToTiger.UnitTest1, TestCompilerToTiger, Version=1.0.0.0, Culture=neutral, PublicKeyToken=null" name="test_test9" />
    </UnitTest>
    <UnitTest name="test_test30" storage="h:\lastversion\compiler 8-3-2012\testcompilertotiger\bin\debug\testcompilertotiger.dll" id="f8f7e3fc-a32f-4b7e-3884-a77c284c6334">
      <Execution id="296f93af-bc35-4ca8-9263-1c00a2f646de" />
      <TestMethod codeBase="H:/lastversion/Compiler 8-3-2012/TestCompilerToTiger/bin/Debug/TestCompilerToTiger.DLL" adapterTypeName="Microsoft.VisualStudio.TestTools.TestTypes.Unit.UnitTestAdapter, Microsoft.VisualStudio.QualityTools.Tips.UnitTest.Adapter, Version=10.0.0.0, Culture=neutral, PublicKeyToken=b03f5f7f11d50a3a" className="TestCompilerToTiger.UnitTest1, TestCompilerToTiger, Version=1.0.0.0, Culture=neutral, PublicKeyToken=null" name="test_test30" />
    </UnitTest>
    <UnitTest name="test_test5" storage="h:\lastversion\compiler 8-3-2012\testcompilertotiger\bin\debug\testcompilertotiger.dll" id="2a289f39-5a92-deb7-3bfb-b0c29bd31f53">
      <Execution id="a79783f3-2cd4-43e4-bc58-5e41c5c9e6c4" />
      <TestMethod codeBase="H:/lastversion/Compiler 8-3-2012/TestCompilerToTiger/bin/Debug/TestCompilerToTiger.DLL" adapterTypeName="Microsoft.VisualStudio.TestTools.TestTypes.Unit.UnitTestAdapter, Microsoft.VisualStudio.QualityTools.Tips.UnitTest.Adapter, Version=10.0.0.0, Culture=neutral, PublicKeyToken=b03f5f7f11d50a3a" className="TestCompilerToTiger.UnitTest1, TestCompilerToTiger, Version=1.0.0.0, Culture=neutral, PublicKeyToken=null" name="test_test5" />
    </UnitTest>
    <UnitTest name="test_test12" storage="h:\lastversion\compiler 8-3-2012\testcompilertotiger\bin\debug\testcompilertotiger.dll" id="4f4b9668-5fc2-c922-c2a4-15a71f9d7a1b">
      <Execution id="681af221-1f27-4fe2-84b0-8f028809291f" />
      <TestMethod codeBase="H:/lastversion/Compiler 8-3-2012/TestCompilerToTiger/bin/Debug/TestCompilerToTiger.DLL" adapterTypeName="Microsoft.VisualStudio.TestTools.TestTypes.Unit.UnitTestAdapter, Microsoft.VisualStudio.QualityTools.Tips.UnitTest.Adapter, Version=10.0.0.0, Culture=neutral, PublicKeyToken=b03f5f7f11d50a3a" className="TestCompilerToTiger.UnitTest1, TestCompilerToTiger, Version=1.0.0.0, Culture=neutral, PublicKeyToken=null" name="test_test12" />
    </UnitTest>
    <UnitTest name="test_invalid_mutually_recursive_record" storage="h:\lastversion\compiler 8-3-2012\testcompilertotiger\bin\debug\testcompilertotiger.dll" id="72aa1a9e-7bdb-88d7-27ff-e8b4fa9b856a">
      <Execution id="f15cf402-9aee-4e5c-beab-3a4f5e5e4dd6" />
      <TestMethod codeBase="H:/lastversion/Compiler 8-3-2012/TestCompilerToTiger/bin/Debug/TestCompilerToTiger.DLL" adapterTypeName="Microsoft.VisualStudio.TestTools.TestTypes.Unit.UnitTestAdapter, Microsoft.VisualStudio.QualityTools.Tips.UnitTest.Adapter, Version=10.0.0.0, Culture=neutral, PublicKeyToken=b03f5f7f11d50a3a" className="TestCompilerToTiger.UnitTest1, TestCompilerToTiger, Version=1.0.0.0, Culture=neutral, PublicKeyToken=null" name="test_invalid_mutually_recursive_record" />
    </UnitTest>
    <UnitTest name="test_test13" storage="h:\lastversion\compiler 8-3-2012\testcompilertotiger\bin\debug\testcompilertotiger.dll" id="dc1b746a-01eb-32a1-dd9f-13724fc026ff">
      <Execution id="73fc5829-9013-4484-b5f6-c1c8e9f22808" />
      <TestMethod codeBase="H:/lastversion/Compiler 8-3-2012/TestCompilerToTiger/bin/Debug/TestCompilerToTiger.DLL" adapterTypeName="Microsoft.VisualStudio.TestTools.TestTypes.Unit.UnitTestAdapter, Microsoft.VisualStudio.QualityTools.Tips.UnitTest.Adapter, Version=10.0.0.0, Culture=neutral, PublicKeyToken=b03f5f7f11d50a3a" className="TestCompilerToTiger.UnitTest1, TestCompilerToTiger, Version=1.0.0.0, Culture=neutral, PublicKeyToken=null" name="test_test13" />
    </UnitTest>
    <UnitTest name="test_test15" storage="h:\lastversion\compiler 8-3-2012\testcompilertotiger\bin\debug\testcompilertotiger.dll" id="c4fa99d9-cca8-ac70-06bb-cefbec6e204e">
      <Execution id="2ff496e9-7259-4076-b5dc-04c2b033b0f1" />
      <TestMethod codeBase="H:/lastversion/Compiler 8-3-2012/TestCompilerToTiger/bin/Debug/TestCompilerToTiger.DLL" adapterTypeName="Microsoft.VisualStudio.TestTools.TestTypes.Unit.UnitTestAdapter, Microsoft.VisualStudio.QualityTools.Tips.UnitTest.Adapter, Version=10.0.0.0, Culture=neutral, PublicKeyToken=b03f5f7f11d50a3a" className="TestCompilerToTiger.UnitTest1, TestCompilerToTiger, Version=1.0.0.0, Culture=neutral, PublicKeyToken=null" name="test_test15" />
    </UnitTest>
    <UnitTest name="test_test40" storage="h:\lastversion\compiler 8-3-2012\testcompilertotiger\bin\debug\testcompilertotiger.dll" id="59f585d1-a0bb-33e9-4abb-19d69a17417d">
      <Execution id="bc0662b1-03b9-4267-95f2-dec307c7d8ed" />
      <TestMethod codeBase="H:/lastversion/Compiler 8-3-2012/TestCompilerToTiger/bin/Debug/TestCompilerToTiger.DLL" adapterTypeName="Microsoft.VisualStudio.TestTools.TestTypes.Unit.UnitTestAdapter, Microsoft.VisualStudio.QualityTools.Tips.UnitTest.Adapter, Version=10.0.0.0, Culture=neutral, PublicKeyToken=b03f5f7f11d50a3a" className="TestCompilerToTiger.UnitTest1, TestCompilerToTiger, Version=1.0.0.0, Culture=neutral, PublicKeyToken=null" name="test_test40" />
    </UnitTest>
    <UnitTest name="test_test32" storage="h:\lastversion\compiler 8-3-2012\testcompilertotiger\bin\debug\testcompilertotiger.dll" id="b072c1fb-dc11-85af-9856-d7106bde114d">
      <Execution id="612480db-d3ed-4558-bd8f-36b1158ecb12" />
      <TestMethod codeBase="H:/lastversion/Compiler 8-3-2012/TestCompilerToTiger/bin/Debug/TestCompilerToTiger.DLL" adapterTypeName="Microsoft.VisualStudio.TestTools.TestTypes.Unit.UnitTestAdapter, Microsoft.VisualStudio.QualityTools.Tips.UnitTest.Adapter, Version=10.0.0.0, Culture=neutral, PublicKeyToken=b03f5f7f11d50a3a" className="TestCompilerToTiger.UnitTest1, TestCompilerToTiger, Version=1.0.0.0, Culture=neutral, PublicKeyToken=null" name="test_test32" />
    </UnitTest>
    <UnitTest name="test_array_init" storage="h:\lastversion\compiler 8-3-2012\testcompilertotiger\bin\debug\testcompilertotiger.dll" id="e8d2f115-d73c-2867-cfd5-f324a2ef1c4b">
      <Execution id="00e13832-3cfb-48ec-956e-9640b0461dd8" />
      <TestMethod codeBase="H:/lastversion/Compiler 8-3-2012/TestCompilerToTiger/bin/Debug/TestCompilerToTiger.DLL" adapterTypeName="Microsoft.VisualStudio.TestTools.TestTypes.Unit.UnitTestAdapter, Microsoft.VisualStudio.QualityTools.Tips.UnitTest.Adapter, Version=10.0.0.0, Culture=neutral, PublicKeyToken=b03f5f7f11d50a3a" className="TestCompilerToTiger.UnitTest1, TestCompilerToTiger, Version=1.0.0.0, Culture=neutral, PublicKeyToken=null" name="test_array_init" />
    </UnitTest>
    <UnitTest name="test_recursive_array" storage="h:\lastversion\compiler 8-3-2012\testcompilertotiger\bin\debug\testcompilertotiger.dll" id="e5ba5b84-693c-c274-9024-67714abfd289">
      <Execution id="be81ada4-1563-4a3a-9fc8-d47618026a36" />
      <TestMethod codeBase="H:/lastversion/Compiler 8-3-2012/TestCompilerToTiger/bin/Debug/TestCompilerToTiger.DLL" adapterTypeName="Microsoft.VisualStudio.TestTools.TestTypes.Unit.UnitTestAdapter, Microsoft.VisualStudio.QualityTools.Tips.UnitTest.Adapter, Version=10.0.0.0, Culture=neutral, PublicKeyToken=b03f5f7f11d50a3a" className="TestCompilerToTiger.UnitTest1, TestCompilerToTiger, Version=1.0.0.0, Culture=neutral, PublicKeyToken=null" name="test_recursive_array" />
    </UnitTest>
    <UnitTest name="test_and_operator_non_valued_operands" storage="h:\lastversion\compiler 8-3-2012\testcompilertotiger\bin\debug\testcompilertotiger.dll" id="7778cbf3-4c15-9b31-c5ab-9ec850cf89a5">
      <Execution id="6e81738a-e1d0-4c42-b023-42ec5dd04e85" />
      <TestMethod codeBase="H:/lastversion/Compiler 8-3-2012/TestCompilerToTiger/bin/Debug/TestCompilerToTiger.DLL" adapterTypeName="Microsoft.VisualStudio.TestTools.TestTypes.Unit.UnitTestAdapter, Microsoft.VisualStudio.QualityTools.Tips.UnitTest.Adapter, Version=10.0.0.0, Culture=neutral, PublicKeyToken=b03f5f7f11d50a3a" className="TestCompilerToTiger.UnitTest1, TestCompilerToTiger, Version=1.0.0.0, Culture=neutral, PublicKeyToken=null" name="test_and_operator_non_valued_operands" />
    </UnitTest>
    <UnitTest name="test_test1" storage="h:\lastversion\compiler 8-3-2012\testcompilertotiger\bin\debug\testcompilertotiger.dll" id="46280aa5-4d15-904e-00e7-b0ec18a6f672">
      <Execution id="9ee0277c-2bf1-47cd-b633-5d1c6ffefc65" />
      <TestMethod codeBase="H:/lastversion/Compiler 8-3-2012/TestCompilerToTiger/bin/Debug/TestCompilerToTiger.DLL" adapterTypeName="Microsoft.VisualStudio.TestTools.TestTypes.Unit.UnitTestAdapter, Microsoft.VisualStudio.QualityTools.Tips.UnitTest.Adapter, Version=10.0.0.0, Culture=neutral, PublicKeyToken=b03f5f7f11d50a3a" className="TestCompilerToTiger.UnitTest1, TestCompilerToTiger, Version=1.0.0.0, Culture=neutral, PublicKeyToken=null" name="test_test1" />
    </UnitTest>
    <UnitTest name="test_if_then_without_valued_condition" storage="h:\lastversion\compiler 8-3-2012\testcompilertotiger\bin\debug\testcompilertotiger.dll" id="787fedd9-a949-1ea5-7ca7-01f74f289b04">
      <Execution id="c11ed85c-1919-4f01-8288-a4e08046d6db" />
      <TestMethod codeBase="H:/lastversion/Compiler 8-3-2012/TestCompilerToTiger/bin/Debug/TestCompilerToTiger.DLL" adapterTypeName="Microsoft.VisualStudio.TestTools.TestTypes.Unit.UnitTestAdapter, Microsoft.VisualStudio.QualityTools.Tips.UnitTest.Adapter, Version=10.0.0.0, Culture=neutral, PublicKeyToken=b03f5f7f11d50a3a" className="TestCompilerToTiger.UnitTest1, TestCompilerToTiger, Version=1.0.0.0, Culture=neutral, PublicKeyToken=null" name="test_if_then_without_valued_condition" />
    </UnitTest>
    <UnitTest name="test_record_literal_more_params" storage="h:\lastversion\compiler 8-3-2012\testcompilertotiger\bin\debug\testcompilertotiger.dll" id="1592ab8f-1085-3308-e351-9274eada4786">
      <Execution id="86cd5e4e-6f17-4955-aba3-52cc8b5a9254" />
      <TestMethod codeBase="H:/lastversion/Compiler 8-3-2012/TestCompilerToTiger/bin/Debug/TestCompilerToTiger.DLL" adapterTypeName="Microsoft.VisualStudio.TestTools.TestTypes.Unit.UnitTestAdapter, Microsoft.VisualStudio.QualityTools.Tips.UnitTest.Adapter, Version=10.0.0.0, Culture=neutral, PublicKeyToken=b03f5f7f11d50a3a" className="TestCompilerToTiger.UnitTest1, TestCompilerToTiger, Version=1.0.0.0, Culture=neutral, PublicKeyToken=null" name="test_record_literal_more_params" />
    </UnitTest>
    <UnitTest name="test_test22" storage="h:\lastversion\compiler 8-3-2012\testcompilertotiger\bin\debug\testcompilertotiger.dll" id="bc0e1316-dbe6-b028-ade7-bfc7507988f6">
      <Execution id="1a6f0185-4e03-4780-a209-5a397058e272" />
      <TestMethod codeBase="H:/lastversion/Compiler 8-3-2012/TestCompilerToTiger/bin/Debug/TestCompilerToTiger.DLL" adapterTypeName="Microsoft.VisualStudio.TestTools.TestTypes.Unit.UnitTestAdapter, Microsoft.VisualStudio.QualityTools.Tips.UnitTest.Adapter, Version=10.0.0.0, Culture=neutral, PublicKeyToken=b03f5f7f11d50a3a" className="TestCompilerToTiger.UnitTest1, TestCompilerToTiger, Version=1.0.0.0, Culture=neutral, PublicKeyToken=null" name="test_test22" />
    </UnitTest>
    <UnitTest name="test_test11" storage="h:\lastversion\compiler 8-3-2012\testcompilertotiger\bin\debug\testcompilertotiger.dll" id="914b2a0c-dbfa-15bf-c67e-da89c4c3ca96">
      <Execution id="5a65e632-a522-4ec0-8af1-a78290e82b96" />
      <TestMethod codeBase="H:/lastversion/Compiler 8-3-2012/TestCompilerToTiger/bin/Debug/TestCompilerToTiger.DLL" adapterTypeName="Microsoft.VisualStudio.TestTools.TestTypes.Unit.UnitTestAdapter, Microsoft.VisualStudio.QualityTools.Tips.UnitTest.Adapter, Version=10.0.0.0, Culture=neutral, PublicKeyToken=b03f5f7f11d50a3a" className="TestCompilerToTiger.UnitTest1, TestCompilerToTiger, Version=1.0.0.0, Culture=neutral, PublicKeyToken=null" name="test_test11" />
    </UnitTest>
    <UnitTest name="test_test43" storage="h:\lastversion\compiler 8-3-2012\testcompilertotiger\bin\debug\testcompilertotiger.dll" id="e202bc60-0634-baa5-9fb7-e483d26688e3">
      <Execution id="b9b8615f-673c-42d7-a9dd-506ece0291df" />
      <TestMethod codeBase="H:/lastversion/Compiler 8-3-2012/TestCompilerToTiger/bin/Debug/TestCompilerToTiger.DLL" adapterTypeName="Microsoft.VisualStudio.TestTools.TestTypes.Unit.UnitTestAdapter, Microsoft.VisualStudio.QualityTools.Tips.UnitTest.Adapter, Version=10.0.0.0, Culture=neutral, PublicKeyToken=b03f5f7f11d50a3a" className="TestCompilerToTiger.UnitTest1, TestCompilerToTiger, Version=1.0.0.0, Culture=neutral, PublicKeyToken=null" name="test_test43" />
    </UnitTest>
    <UnitTest name="test_invalid_mutually_recursive_function_depth_3" storage="h:\lastversion\compiler 8-3-2012\testcompilertotiger\bin\debug\testcompilertotiger.dll" id="7c7d2692-7ab1-c90f-37ca-eafa8321abdc">
      <Execution id="94b0e052-0469-4c1d-ad6d-2a5353be7a9c" />
      <TestMethod codeBase="H:/lastversion/Compiler 8-3-2012/TestCompilerToTiger/bin/Debug/TestCompilerToTiger.DLL" adapterTypeName="Microsoft.VisualStudio.TestTools.TestTypes.Unit.UnitTestAdapter, Microsoft.VisualStudio.QualityTools.Tips.UnitTest.Adapter, Version=10.0.0.0, Culture=neutral, PublicKeyToken=b03f5f7f11d50a3a" className="TestCompilerToTiger.UnitTest1, TestCompilerToTiger, Version=1.0.0.0, Culture=neutral, PublicKeyToken=null" name="test_invalid_mutually_recursive_function_depth_3" />
    </UnitTest>
    <UnitTest name="test_break_in_a_function" storage="h:\lastversion\compiler 8-3-2012\testcompilertotiger\bin\debug\testcompilertotiger.dll" id="39e514c1-78c7-15fd-4b22-50c302b2163e">
      <Execution id="2a0e6b93-b9d1-4446-865b-c623059c9223" />
      <TestMethod codeBase="H:/lastversion/Compiler 8-3-2012/TestCompilerToTiger/bin/Debug/TestCompilerToTiger.DLL" adapterTypeName="Microsoft.VisualStudio.TestTools.TestTypes.Unit.UnitTestAdapter, Microsoft.VisualStudio.QualityTools.Tips.UnitTest.Adapter, Version=10.0.0.0, Culture=neutral, PublicKeyToken=b03f5f7f11d50a3a" className="TestCompilerToTiger.UnitTest1, TestCompilerToTiger, Version=1.0.0.0, Culture=neutral, PublicKeyToken=null" name="test_break_in_a_function" />
    </UnitTest>
    <UnitTest name="test_test41" storage="h:\lastversion\compiler 8-3-2012\testcompilertotiger\bin\debug\testcompilertotiger.dll" id="6cf12022-2ae0-7084-a31c-7e8297ba831d">
      <Execution id="4403a88e-ce20-4596-a81f-0eaee1d0a935" />
      <TestMethod codeBase="H:/lastversion/Compiler 8-3-2012/TestCompilerToTiger/bin/Debug/TestCompilerToTiger.DLL" adapterTypeName="Microsoft.VisualStudio.TestTools.TestTypes.Unit.UnitTestAdapter, Microsoft.VisualStudio.QualityTools.Tips.UnitTest.Adapter, Version=10.0.0.0, Culture=neutral, PublicKeyToken=b03f5f7f11d50a3a" className="TestCompilerToTiger.UnitTest1, TestCompilerToTiger, Version=1.0.0.0, Culture=neutral, PublicKeyToken=null" name="test_test41" />
    </UnitTest>
    <UnitTest name="test_invalid_mutually_recursive_record_depth_3" storage="h:\lastversion\compiler 8-3-2012\testcompilertotiger\bin\debug\testcompilertotiger.dll" id="a2d926c3-2110-bd3c-06f7-e7b666840b6e">
      <Execution id="aafe59b4-cefc-4a97-9d5e-e2aadeb78616" />
      <TestMethod codeBase="H:/lastversion/Compiler 8-3-2012/TestCompilerToTiger/bin/Debug/TestCompilerToTiger.DLL" adapterTypeName="Microsoft.VisualStudio.TestTools.TestTypes.Unit.UnitTestAdapter, Microsoft.VisualStudio.QualityTools.Tips.UnitTest.Adapter, Version=10.0.0.0, Culture=neutral, PublicKeyToken=b03f5f7f11d50a3a" className="TestCompilerToTiger.UnitTest1, TestCompilerToTiger, Version=1.0.0.0, Culture=neutral, PublicKeyToken=null" name="test_invalid_mutually_recursive_record_depth_3" />
    </UnitTest>
    <UnitTest name="test_mod7_1" storage="h:\lastversion\compiler 8-3-2012\testcompilertotiger\bin\debug\testcompilertotiger.dll" id="a7316259-a78f-4c76-fc44-43a2d7ccb76e">
      <Execution id="6cee7297-bd05-4c1c-bf4d-bdddd19adeca" />
      <TestMethod codeBase="H:/lastversion/Compiler 8-3-2012/TestCompilerToTiger/bin/Debug/TestCompilerToTiger.DLL" adapterTypeName="Microsoft.VisualStudio.TestTools.TestTypes.Unit.UnitTestAdapter, Microsoft.VisualStudio.QualityTools.Tips.UnitTest.Adapter, Version=10.0.0.0, Culture=neutral, PublicKeyToken=b03f5f7f11d50a3a" className="TestCompilerToTiger.UnitTest1, TestCompilerToTiger, Version=1.0.0.0, Culture=neutral, PublicKeyToken=null" name="test_mod7_1" />
    </UnitTest>
    <UnitTest name="test_divide_between_non_valued_right" storage="h:\lastversion\compiler 8-3-2012\testcompilertotiger\bin\debug\testcompilertotiger.dll" id="a59733da-8885-c1da-b119-165c79329a1b">
      <Execution id="58dd925a-9084-4814-9523-f689beaf96cc" />
      <TestMethod codeBase="H:/lastversion/Compiler 8-3-2012/TestCompilerToTiger/bin/Debug/TestCompilerToTiger.DLL" adapterTypeName="Microsoft.VisualStudio.TestTools.TestTypes.Unit.UnitTestAdapter, Microsoft.VisualStudio.QualityTools.Tips.UnitTest.Adapter, Version=10.0.0.0, Culture=neutral, PublicKeyToken=b03f5f7f11d50a3a" className="TestCompilerToTiger.UnitTest1, TestCompilerToTiger, Version=1.0.0.0, Culture=neutral, PublicKeyToken=null" name="test_divide_between_non_valued_right" />
    </UnitTest>
    <UnitTest name="test_test28" storage="h:\lastversion\compiler 8-3-2012\testcompilertotiger\bin\debug\testcompilertotiger.dll" id="36324f40-b2ea-1a81-62d1-737b148bbfa1">
      <Execution id="fccff7e1-1f35-4869-beb1-c07d28aa515f" />
      <TestMethod codeBase="H:/lastversion/Compiler 8-3-2012/TestCompilerToTiger/bin/Debug/TestCompilerToTiger.DLL" adapterTypeName="Microsoft.VisualStudio.TestTools.TestTypes.Unit.UnitTestAdapter, Microsoft.VisualStudio.QualityTools.Tips.UnitTest.Adapter, Version=10.0.0.0, Culture=neutral, PublicKeyToken=b03f5f7f11d50a3a" className="TestCompilerToTiger.UnitTest1, TestCompilerToTiger, Version=1.0.0.0, Culture=neutral, PublicKeyToken=null" name="test_test28" />
    </UnitTest>
    <UnitTest name="test_mod6" storage="h:\lastversion\compiler 8-3-2012\testcompilertotiger\bin\debug\testcompilertotiger.dll" id="4a01e103-991f-0e62-ab1c-3ca959d73353">
      <Execution id="fb3e7a40-1914-4a6a-b531-b59d36bcb037" />
      <TestMethod codeBase="H:/lastversion/Compiler 8-3-2012/TestCompilerToTiger/bin/Debug/TestCompilerToTiger.DLL" adapterTypeName="Microsoft.VisualStudio.TestTools.TestTypes.Unit.UnitTestAdapter, Microsoft.VisualStudio.QualityTools.Tips.UnitTest.Adapter, Version=10.0.0.0, Culture=neutral, PublicKeyToken=b03f5f7f11d50a3a" className="TestCompilerToTiger.UnitTest1, TestCompilerToTiger, Version=1.0.0.0, Culture=neutral, PublicKeyToken=null" name="test_mod6" />
    </UnitTest>
    <UnitTest name="test_test36" storage="h:\lastversion\compiler 8-3-2012\testcompilertotiger\bin\debug\testcompilertotiger.dll" id="f96446f0-229a-33bf-fd57-40890b9bd378">
      <Execution id="1de2b8c2-53b1-432d-acdc-e41ea8355237" />
      <TestMethod codeBase="H:/lastversion/Compiler 8-3-2012/TestCompilerToTiger/bin/Debug/TestCompilerToTiger.DLL" adapterTypeName="Microsoft.VisualStudio.TestTools.TestTypes.Unit.UnitTestAdapter, Microsoft.VisualStudio.QualityTools.Tips.UnitTest.Adapter, Version=10.0.0.0, Culture=neutral, PublicKeyToken=b03f5f7f11d50a3a" className="TestCompilerToTiger.UnitTest1, TestCompilerToTiger, Version=1.0.0.0, Culture=neutral, PublicKeyToken=null" name="test_test36" />
    </UnitTest>
    <UnitTest name="test_test25" storage="h:\lastversion\compiler 8-3-2012\testcompilertotiger\bin\debug\testcompilertotiger.dll" id="d690abc7-a328-cd83-8fdc-b127cf098887">
      <Execution id="b10dfff3-bcc4-4516-8845-9870687391dc" />
      <TestMethod codeBase="H:/lastversion/Compiler 8-3-2012/TestCompilerToTiger/bin/Debug/TestCompilerToTiger.DLL" adapterTypeName="Microsoft.VisualStudio.TestTools.TestTypes.Unit.UnitTestAdapter, Microsoft.VisualStudio.QualityTools.Tips.UnitTest.Adapter, Version=10.0.0.0, Culture=neutral, PublicKeyToken=b03f5f7f11d50a3a" className="TestCompilerToTiger.UnitTest1, TestCompilerToTiger, Version=1.0.0.0, Culture=neutral, PublicKeyToken=null" name="test_test25" />
    </UnitTest>
    <UnitTest name="test_test24" storage="h:\lastversion\compiler 8-3-2012\testcompilertotiger\bin\debug\testcompilertotiger.dll" id="c8045a47-9964-f48c-6e03-79936fb7aaa2">
      <Execution id="f28a34ef-b6f1-4a0e-8939-c907372e66e2" />
      <TestMethod codeBase="H:/lastversion/Compiler 8-3-2012/TestCompilerToTiger/bin/Debug/TestCompilerToTiger.DLL" adapterTypeName="Microsoft.VisualStudio.TestTools.TestTypes.Unit.UnitTestAdapter, Microsoft.VisualStudio.QualityTools.Tips.UnitTest.Adapter, Version=10.0.0.0, Culture=neutral, PublicKeyToken=b03f5f7f11d50a3a" className="TestCompilerToTiger.UnitTest1, TestCompilerToTiger, Version=1.0.0.0, Culture=neutral, PublicKeyToken=null" name="test_test24" />
    </UnitTest>
    <UnitTest name="test_test14" storage="h:\lastversion\compiler 8-3-2012\testcompilertotiger\bin\debug\testcompilertotiger.dll" id="8a758c2f-0cd5-1d39-decc-a9938a65ea5c">
      <Execution id="597a8c2a-d375-4e77-8745-ed7fd6e4a745" />
      <TestMethod codeBase="H:/lastversion/Compiler 8-3-2012/TestCompilerToTiger/bin/Debug/TestCompilerToTiger.DLL" adapterTypeName="Microsoft.VisualStudio.TestTools.TestTypes.Unit.UnitTestAdapter, Microsoft.VisualStudio.QualityTools.Tips.UnitTest.Adapter, Version=10.0.0.0, Culture=neutral, PublicKeyToken=b03f5f7f11d50a3a" className="TestCompilerToTiger.UnitTest1, TestCompilerToTiger, Version=1.0.0.0, Culture=neutral, PublicKeyToken=null" name="test_test14" />
    </UnitTest>
    <UnitTest name="test_test21" storage="h:\lastversion\compiler 8-3-2012\testcompilertotiger\bin\debug\testcompilertotiger.dll" id="eec5b161-be3c-10b7-c8a8-069c5234b535">
      <Execution id="0f0e88b6-2a19-4014-b391-96f912541721" />
      <TestMethod codeBase="H:/lastversion/Compiler 8-3-2012/TestCompilerToTiger/bin/Debug/TestCompilerToTiger.DLL" adapterTypeName="Microsoft.VisualStudio.TestTools.TestTypes.Unit.UnitTestAdapter, Microsoft.VisualStudio.QualityTools.Tips.UnitTest.Adapter, Version=10.0.0.0, Culture=neutral, PublicKeyToken=b03f5f7f11d50a3a" className="TestCompilerToTiger.UnitTest1, TestCompilerToTiger, Version=1.0.0.0, Culture=neutral, PublicKeyToken=null" name="test_test21" />
    </UnitTest>
    <UnitTest name="test_test47" storage="h:\lastversion\compiler 8-3-2012\testcompilertotiger\bin\debug\testcompilertotiger.dll" id="6abeaf16-1933-aee6-2e8b-ea4a38605847">
      <Execution id="f1ae50e6-c1da-4727-99fb-0300fe051e70" />
      <TestMethod codeBase="H:/lastversion/Compiler 8-3-2012/TestCompilerToTiger/bin/Debug/TestCompilerToTiger.DLL" adapterTypeName="Microsoft.VisualStudio.TestTools.TestTypes.Unit.UnitTestAdapter, Microsoft.VisualStudio.QualityTools.Tips.UnitTest.Adapter, Version=10.0.0.0, Culture=neutral, PublicKeyToken=b03f5f7f11d50a3a" className="TestCompilerToTiger.UnitTest1, TestCompilerToTiger, Version=1.0.0.0, Culture=neutral, PublicKeyToken=null" name="test_test47" />
    </UnitTest>
    <UnitTest name="test_test7" storage="h:\lastversion\compiler 8-3-2012\testcompilertotiger\bin\debug\testcompilertotiger.dll" id="d06f6746-ead1-f925-4604-460409e84f79">
      <Execution id="752c19a9-0df0-4c06-ad6c-f92928925be0" />
      <TestMethod codeBase="H:/lastversion/Compiler 8-3-2012/TestCompilerToTiger/bin/Debug/TestCompilerToTiger.DLL" adapterTypeName="Microsoft.VisualStudio.TestTools.TestTypes.Unit.UnitTestAdapter, Microsoft.VisualStudio.QualityTools.Tips.UnitTest.Adapter, Version=10.0.0.0, Culture=neutral, PublicKeyToken=b03f5f7f11d50a3a" className="TestCompilerToTiger.UnitTest1, TestCompilerToTiger, Version=1.0.0.0, Culture=neutral, PublicKeyToken=null" name="test_test7" />
    </UnitTest>
    <UnitTest name="test_test49" storage="h:\lastversion\compiler 8-3-2012\testcompilertotiger\bin\debug\testcompilertotiger.dll" id="c348fff9-c0f5-4dfb-10de-9bcc6c0e2e35">
      <Execution id="e63989e6-f9d0-4a8a-9a70-045cd84b0561" />
      <TestMethod codeBase="H:/lastversion/Compiler 8-3-2012/TestCompilerToTiger/bin/Debug/TestCompilerToTiger.DLL" adapterTypeName="Microsoft.VisualStudio.TestTools.TestTypes.Unit.UnitTestAdapter, Microsoft.VisualStudio.QualityTools.Tips.UnitTest.Adapter, Version=10.0.0.0, Culture=neutral, PublicKeyToken=b03f5f7f11d50a3a" className="TestCompilerToTiger.UnitTest1, TestCompilerToTiger, Version=1.0.0.0, Culture=neutral, PublicKeyToken=null" name="test_test49" />
    </UnitTest>
    <UnitTest name="test_str" storage="h:\lastversion\compiler 8-3-2012\testcompilertotiger\bin\debug\testcompilertotiger.dll" id="f671f60d-5960-0a4e-25da-4be80fa480eb">
      <Execution id="0884a158-9587-4497-a2fb-205b01677dbe" />
      <TestMethod codeBase="H:/lastversion/Compiler 8-3-2012/TestCompilerToTiger/bin/Debug/TestCompilerToTiger.DLL" adapterTypeName="Microsoft.VisualStudio.TestTools.TestTypes.Unit.UnitTestAdapter, Microsoft.VisualStudio.QualityTools.Tips.UnitTest.Adapter, Version=10.0.0.0, Culture=neutral, PublicKeyToken=b03f5f7f11d50a3a" className="TestCompilerToTiger.UnitTest1, TestCompilerToTiger, Version=1.0.0.0, Culture=neutral, PublicKeyToken=null" name="test_str" />
    </UnitTest>
    <UnitTest name="test_test3" storage="h:\lastversion\compiler 8-3-2012\testcompilertotiger\bin\debug\testcompilertotiger.dll" id="6935728c-f33b-b582-5cef-9b30d14c6ed4">
      <Execution id="609eb896-1fde-4674-b99a-02b082a5c2d1" />
      <TestMethod codeBase="H:/lastversion/Compiler 8-3-2012/TestCompilerToTiger/bin/Debug/TestCompilerToTiger.DLL" adapterTypeName="Microsoft.VisualStudio.TestTools.TestTypes.Unit.UnitTestAdapter, Microsoft.VisualStudio.QualityTools.Tips.UnitTest.Adapter, Version=10.0.0.0, Culture=neutral, PublicKeyToken=b03f5f7f11d50a3a" className="TestCompilerToTiger.UnitTest1, TestCompilerToTiger, Version=1.0.0.0, Culture=neutral, PublicKeyToken=null" name="test_test3" />
    </UnitTest>
  </TestDefinitions>
  <TestLists>
    <TestList name="Results Not in a List" id="8c84fa94-04c1-424b-9868-57a2d4851a1d" />
    <TestList name="All Loaded Results" id="19431567-8539-422a-85d7-44ee4e166bda" />
  </TestLists>
  <TestEntries>
    <TestEntry testId="019531f9-6c6d-6148-ff2d-d7912780c031" executionId="bde555c4-534c-4d6e-9727-3f1673e0a54b" testListId="8c84fa94-04c1-424b-9868-57a2d4851a1d" />
    <TestEntry testId="041998ab-07f9-73fa-8039-7d960c796110" executionId="fd58dd5d-e4e1-4ad2-a8ba-7c5632657d5f" testListId="8c84fa94-04c1-424b-9868-57a2d4851a1d" />
    <TestEntry testId="044ddcd4-6330-7a22-e9f8-f33b453f18d7" executionId="8a2e6ddd-7858-4c77-810f-5d735145d570" testListId="8c84fa94-04c1-424b-9868-57a2d4851a1d" />
    <TestEntry testId="0ff029d3-12bf-eeea-36b5-2f404d00e87a" executionId="dd4bfd23-eadc-4fa0-8658-f9f0c69fef70" testListId="8c84fa94-04c1-424b-9868-57a2d4851a1d" />
    <TestEntry testId="1592ab8f-1085-3308-e351-9274eada4786" executionId="86cd5e4e-6f17-4955-aba3-52cc8b5a9254" testListId="8c84fa94-04c1-424b-9868-57a2d4851a1d" />
    <TestEntry testId="23273fad-a655-fb19-0591-a880a70c5eeb" executionId="c50fe7f5-7ecb-4248-85b3-4295621538ec" testListId="8c84fa94-04c1-424b-9868-57a2d4851a1d" />
    <TestEntry testId="29c89c54-d7fb-f98d-1f2a-27aade8fb1a1" executionId="0b14e841-cb87-4633-ba78-10cf18cc30c7" testListId="8c84fa94-04c1-424b-9868-57a2d4851a1d" />
    <TestEntry testId="2a289f39-5a92-deb7-3bfb-b0c29bd31f53" executionId="a79783f3-2cd4-43e4-bc58-5e41c5c9e6c4" testListId="8c84fa94-04c1-424b-9868-57a2d4851a1d" />
    <TestEntry testId="30a9dc30-d90c-bbee-e587-6b840a964a32" executionId="a80918ed-f717-4e3e-9106-1787b071ab8f" testListId="8c84fa94-04c1-424b-9868-57a2d4851a1d" />
    <TestEntry testId="33df6015-371d-7c50-5ef5-d8861ee19e12" executionId="bf4d251d-9a33-4294-b469-3652c3442cc1" testListId="8c84fa94-04c1-424b-9868-57a2d4851a1d" />
    <TestEntry testId="36324f40-b2ea-1a81-62d1-737b148bbfa1" executionId="fccff7e1-1f35-4869-beb1-c07d28aa515f" testListId="8c84fa94-04c1-424b-9868-57a2d4851a1d" />
    <TestEntry testId="39e514c1-78c7-15fd-4b22-50c302b2163e" executionId="2a0e6b93-b9d1-4446-865b-c623059c9223" testListId="8c84fa94-04c1-424b-9868-57a2d4851a1d" />
    <TestEntry testId="3c5d2c78-6807-923e-0707-565f55826a52" executionId="e0497b55-6404-46c5-b068-8cbf74f7997b" testListId="8c84fa94-04c1-424b-9868-57a2d4851a1d" />
    <TestEntry testId="3c85eb83-557f-5abd-129b-c696176453d1" executionId="21b466dc-09ae-4b0a-95d1-d759622cdd6b" testListId="8c84fa94-04c1-424b-9868-57a2d4851a1d" />
    <TestEntry testId="3eaf5a1b-09ff-aa0a-8696-77810f03640d" executionId="a86ee4c2-32b7-49b9-bd83-7255027c8689" testListId="8c84fa94-04c1-424b-9868-57a2d4851a1d" />
    <TestEntry testId="46280aa5-4d15-904e-00e7-b0ec18a6f672" executionId="9ee0277c-2bf1-47cd-b633-5d1c6ffefc65" testListId="8c84fa94-04c1-424b-9868-57a2d4851a1d" />
    <TestEntry testId="487ad327-ee86-41b7-ddc2-994627f0d66e" executionId="dd418652-7470-4b6d-a000-1abc28ec3948" testListId="8c84fa94-04c1-424b-9868-57a2d4851a1d" />
    <TestEntry testId="4a01e103-991f-0e62-ab1c-3ca959d73353" executionId="fb3e7a40-1914-4a6a-b531-b59d36bcb037" testListId="8c84fa94-04c1-424b-9868-57a2d4851a1d" />
    <TestEntry testId="4f4b9668-5fc2-c922-c2a4-15a71f9d7a1b" executionId="681af221-1f27-4fe2-84b0-8f028809291f" testListId="8c84fa94-04c1-424b-9868-57a2d4851a1d" />
    <TestEntry testId="4f876700-47e2-ddf4-4e1d-31ab9f1d665d" executionId="fb97f916-c4fc-440a-bebc-71b4df557b44" testListId="8c84fa94-04c1-424b-9868-57a2d4851a1d" />
    <TestEntry testId="510d376c-bc82-1db9-4c26-7765bd4900fd" executionId="46f778ca-60c8-49d4-ba0e-b553d6fe255a" testListId="8c84fa94-04c1-424b-9868-57a2d4851a1d" />
    <TestEntry testId="5607c4ab-1b6e-27ef-88db-5c98aa28e993" executionId="081d0571-f83d-4793-bb8e-ccc30eb27ec3" testListId="8c84fa94-04c1-424b-9868-57a2d4851a1d" />
    <TestEntry testId="570f88f9-f5f9-b4a9-ed6f-3034933d7208" executionId="fa5b8c53-d3c8-4dec-859a-5eedc51a9e8a" testListId="8c84fa94-04c1-424b-9868-57a2d4851a1d" />
    <TestEntry testId="59f585d1-a0bb-33e9-4abb-19d69a17417d" executionId="bc0662b1-03b9-4267-95f2-dec307c7d8ed" testListId="8c84fa94-04c1-424b-9868-57a2d4851a1d" />
    <TestEntry testId="6491bb9a-c473-c29d-0621-addaa45ea010" executionId="6725d5a7-67df-487d-b66f-8b9237f5e885" testListId="8c84fa94-04c1-424b-9868-57a2d4851a1d" />
    <TestEntry testId="653eb7ac-1e40-67fb-ee64-62985c81131e" executionId="a6b53896-e33d-4b1c-b565-11558f41f3dc" testListId="8c84fa94-04c1-424b-9868-57a2d4851a1d" />
    <TestEntry testId="67c163c5-c8d3-5101-e815-2db32a75cf56" executionId="bb3d1f7c-6748-4f57-a92e-a59b65beea13" testListId="8c84fa94-04c1-424b-9868-57a2d4851a1d" />
    <TestEntry testId="6935728c-f33b-b582-5cef-9b30d14c6ed4" executionId="609eb896-1fde-4674-b99a-02b082a5c2d1" testListId="8c84fa94-04c1-424b-9868-57a2d4851a1d" />
    <TestEntry testId="6abeaf16-1933-aee6-2e8b-ea4a38605847" executionId="f1ae50e6-c1da-4727-99fb-0300fe051e70" testListId="8c84fa94-04c1-424b-9868-57a2d4851a1d" />
    <TestEntry testId="6cf12022-2ae0-7084-a31c-7e8297ba831d" executionId="4403a88e-ce20-4596-a81f-0eaee1d0a935" testListId="8c84fa94-04c1-424b-9868-57a2d4851a1d" />
    <TestEntry testId="6cf631e1-db7e-962a-558e-bc54f36bb57a" executionId="64270eed-5015-4c63-967e-61371a920897" testListId="8c84fa94-04c1-424b-9868-57a2d4851a1d" />
    <TestEntry testId="6d72d84f-797d-15c2-7042-642838b6df03" executionId="1b20ddcf-f7a3-4285-8aac-b93140b944bb" testListId="8c84fa94-04c1-424b-9868-57a2d4851a1d" />
    <TestEntry testId="72aa1a9e-7bdb-88d7-27ff-e8b4fa9b856a" executionId="f15cf402-9aee-4e5c-beab-3a4f5e5e4dd6" testListId="8c84fa94-04c1-424b-9868-57a2d4851a1d" />
    <TestEntry testId="7778cbf3-4c15-9b31-c5ab-9ec850cf89a5" executionId="6e81738a-e1d0-4c42-b023-42ec5dd04e85" testListId="8c84fa94-04c1-424b-9868-57a2d4851a1d" />
    <TestEntry testId="787fedd9-a949-1ea5-7ca7-01f74f289b04" executionId="c11ed85c-1919-4f01-8288-a4e08046d6db" testListId="8c84fa94-04c1-424b-9868-57a2d4851a1d" />
    <TestEntry testId="7c7d2692-7ab1-c90f-37ca-eafa8321abdc" executionId="94b0e052-0469-4c1d-ad6d-2a5353be7a9c" testListId="8c84fa94-04c1-424b-9868-57a2d4851a1d" />
    <TestEntry testId="83e78d72-b212-dd46-9548-fec8071552c7" executionId="061d95cd-8261-418a-a97d-d5f8550c02b4" testListId="8c84fa94-04c1-424b-9868-57a2d4851a1d" />
    <TestEntry testId="8a758c2f-0cd5-1d39-decc-a9938a65ea5c" executionId="597a8c2a-d375-4e77-8745-ed7fd6e4a745" testListId="8c84fa94-04c1-424b-9868-57a2d4851a1d" />
    <TestEntry testId="8c0af343-7fa9-77f2-656f-4d5deee86c5d" executionId="468fdde3-f509-4dea-902f-9981acc7bd1d" testListId="8c84fa94-04c1-424b-9868-57a2d4851a1d" />
    <TestEntry testId="909f0493-3a2b-3db1-9239-46de00bd2132" executionId="25e5e42e-171f-498a-96fb-98214a83b626" testListId="8c84fa94-04c1-424b-9868-57a2d4851a1d" />
    <TestEntry testId="914b2a0c-dbfa-15bf-c67e-da89c4c3ca96" executionId="5a65e632-a522-4ec0-8af1-a78290e82b96" testListId="8c84fa94-04c1-424b-9868-57a2d4851a1d" />
    <TestEntry testId="97171acb-cce5-bb87-edb1-a40947c57107" executionId="9d2f91c4-56ad-4dfc-a959-6aea175d1315" testListId="8c84fa94-04c1-424b-9868-57a2d4851a1d" />
    <TestEntry testId="9936c7db-6cf6-2051-5d72-b9fe5c8e1ada" executionId="1b3942db-6417-4e10-919b-e6aa6e9b3e9a" testListId="8c84fa94-04c1-424b-9868-57a2d4851a1d" />
    <TestEntry testId="99ccbccc-8faa-d870-7334-5e51e17814a3" executionId="02561185-1e3c-4fa7-9bbf-daf4040c498d" testListId="8c84fa94-04c1-424b-9868-57a2d4851a1d" />
    <TestEntry testId="a077de67-c679-41e7-f6a0-f3e9004988c8" executionId="578a0c62-5f53-4aaa-bfa7-86c1cf30cef8" testListId="8c84fa94-04c1-424b-9868-57a2d4851a1d" />
    <TestEntry testId="a2d926c3-2110-bd3c-06f7-e7b666840b6e" executionId="aafe59b4-cefc-4a97-9d5e-e2aadeb78616" testListId="8c84fa94-04c1-424b-9868-57a2d4851a1d" />
    <TestEntry testId="a384bb22-ddee-6569-96ae-a4c57e6d3916" executionId="fa4e33e7-014b-4941-b0e1-05be7f7fbc88" testListId="8c84fa94-04c1-424b-9868-57a2d4851a1d" />
    <TestEntry testId="a44cd249-8572-57ab-7e94-76db5bad3054" executionId="514b4267-a439-4147-80ca-c54af563e53d" testListId="8c84fa94-04c1-424b-9868-57a2d4851a1d" />
    <TestEntry testId="a472785a-6aac-8d41-8d14-3df81fa7d043" executionId="b44d4472-b56d-4ccb-9b7e-b7205ab455d5" testListId="8c84fa94-04c1-424b-9868-57a2d4851a1d" />
    <TestEntry testId="a59733da-8885-c1da-b119-165c79329a1b" executionId="58dd925a-9084-4814-9523-f689beaf96cc" testListId="8c84fa94-04c1-424b-9868-57a2d4851a1d" />
    <TestEntry testId="a7316259-a78f-4c76-fc44-43a2d7ccb76e" executionId="6cee7297-bd05-4c1c-bf4d-bdddd19adeca" testListId="8c84fa94-04c1-424b-9868-57a2d4851a1d" />
    <TestEntry testId="b072c1fb-dc11-85af-9856-d7106bde114d" executionId="612480db-d3ed-4558-bd8f-36b1158ecb12" testListId="8c84fa94-04c1-424b-9868-57a2d4851a1d" />
    <TestEntry testId="b4c7ef8d-acd4-bb81-a04e-3b27f1d00de4" executionId="5b60770e-9060-4084-92ca-19761becccfa" testListId="8c84fa94-04c1-424b-9868-57a2d4851a1d" />
    <TestEntry testId="b59a94a6-b3eb-5bc0-dedb-53c312b3dd38" executionId="3c3788a6-3e68-4a79-937a-718d249ef96b" testListId="8c84fa94-04c1-424b-9868-57a2d4851a1d" />
    <TestEntry testId="b62d9364-7778-3e50-d7a6-6bf0ce856a2f" executionId="e1bddb49-0c4a-4483-aa1f-fa3ec590d772" testListId="8c84fa94-04c1-424b-9868-57a2d4851a1d" />
    <TestEntry testId="baf2563e-3009-d447-b0e7-170ab8463071" executionId="298caa93-a6a4-415c-9cde-85a68b7fe3a1" testListId="8c84fa94-04c1-424b-9868-57a2d4851a1d" />
    <TestEntry testId="bc0e1316-dbe6-b028-ade7-bfc7507988f6" executionId="1a6f0185-4e03-4780-a209-5a397058e272" testListId="8c84fa94-04c1-424b-9868-57a2d4851a1d" />
    <TestEntry testId="bedda814-012f-44ec-c334-f993d0f501c2" executionId="0faa946d-d92b-4ce2-8d7d-e4f69b97cef7" testListId="8c84fa94-04c1-424b-9868-57a2d4851a1d" />
    <TestEntry testId="c20e51b4-12b3-e19f-44f0-68b615cb9d34" executionId="bc1e1465-23d0-4c68-a6c2-188ff7e7a317" testListId="8c84fa94-04c1-424b-9868-57a2d4851a1d" />
    <TestEntry testId="c348fff9-c0f5-4dfb-10de-9bcc6c0e2e35" executionId="e63989e6-f9d0-4a8a-9a70-045cd84b0561" testListId="8c84fa94-04c1-424b-9868-57a2d4851a1d" />
    <TestEntry testId="c3679b4e-0952-8b62-ff50-a38002b5bb13" executionId="0c46392f-ed6f-4df7-b84b-676eb43a8747" testListId="8c84fa94-04c1-424b-9868-57a2d4851a1d" />
    <TestEntry testId="c4fa99d9-cca8-ac70-06bb-cefbec6e204e" executionId="2ff496e9-7259-4076-b5dc-04c2b033b0f1" testListId="8c84fa94-04c1-424b-9868-57a2d4851a1d" />
[...]
    </UnitTestResult>
    <UnitTestResult executionId="9d2f91c4-56ad-4dfc-a959-6aea175d1315" testId="97171acb-cce5-bb87-edb1-a40947c57107" testName="test_mod3" computerName="HOME-E26FE83CAE" testType="13cdc9d9-ddb5-4fa4-a97d-d965ccfc6d4b" outcome="NotExecuted" testListId="8c84fa94-04c1-424b-9868-57a2d4851a1d" relativeResultsDirectory="9d2f91c4-56ad-4dfc-a959-6aea175d1315">
    </UnitTestResult>
    <UnitTestResult executionId="1b3942db-6417-4e10-919b-e6aa6e9b3e9a" testId="9936c7db-6cf6-2051-5d72-b9fe5c8e1ada" testName="test_test10" computerName="HOME-E26FE83CAE" testType="13cdc9d9-ddb5-4fa4-a97d-d965ccfc6d4b" outcome="NotExecuted" testListId="8c84fa94-04c1-424b-9868-57a2d4851a1d" relativeResultsDirectory="1b3942db-6417-4e10-919b-e6aa6e9b3e9a">
    </UnitTestResult>
    <UnitTestResult executionId="02561185-1e3c-4fa7-9bbf-daf4040c498d" testId="99ccbccc-8faa-d870-7334-5e51e17814a3" testName="test_test29" computerName="HOME-E26FE83CAE" testType="13cdc9d9-ddb5-4fa4-a97d-d965ccfc6d4b" outcome="NotExecuted" testListId="8c84fa94-04c1-424b-9868-57a2d4851a1d" relativeResultsDirectory="02561185-1e3c-4fa7-9bbf-daf4040c498d">
    </UnitTestResult>
    <UnitTestResult executionId="578a0c62-5f53-4aaa-bfa7-86c1cf30cef8" testId="a077de67-c679-41e7-f6a0-f3e9004988c8" testName="test_test27" computerName="HOME-E26FE83CAE" testType="13cdc9d9-ddb5-4fa4-a97d-d965ccfc6d4b" outcome="NotExecuted" testListId="8c84fa94-04c1-424b-9868-57a2d4851a1d" relativeResultsDirectory="578a0c62-5f53-4aaa-bfa7-86c1cf30cef8">
    </UnitTestResult>
    <UnitTestResult executionId="aafe59b4-cefc-4a97-9d5e-e2aadeb78616" testId="a2d926c3-2110-bd3c-06f7-e7b666840b6e" testName="test_invalid_mutually_recursive_record_depth_3" computerName="HOME-E26FE83CAE" testType="13cdc9d9-ddb5-4fa4-a97d-d965ccfc6d4b" outcome="NotExecuted" testListId="8c84fa94-04c1-424b-9868-57a2d4851a1d" relativeResultsDirectory="aafe59b4-cefc-4a97-9d5e-e2aadeb78616">
    </UnitTestResult>
    <UnitTestResult executionId="fa4e33e7-014b-4941-b0e1-05be7f7fbc88" testId="a384bb22-ddee-6569-96ae-a4c57e6d3916" testName="test_test8" computerName="HOME-E26FE83CAE" testType="13cdc9d9-ddb5-4fa4-a97d-d965ccfc6d4b" outcome="NotExecuted" testListId="8c84fa94-04c1-424b-9868-57a2d4851a1d" relativeResultsDirectory="fa4e33e7-014b-4941-b0e1-05be7f7fbc88">
    </UnitTestResult>
    <UnitTestResult executionId="514b4267-a439-4147-80ca-c54af563e53d" testId="a44cd249-8572-57ab-7e94-76db5bad3054" testName="test_mod5" computerName="HOME-E26FE83CAE" testType="13cdc9d9-ddb5-4fa4-a97d-d965ccfc6d4b" outcome="NotExecuted" testListId="8c84fa94-04c1-424b-9868-57a2d4851a1d" relativeResultsDirectory="514b4267-a439-4147-80ca-c54af563e53d">
    </UnitTestResult>
    <UnitTestResult executionId="b44d4472-b56d-4ccb-9b7e-b7205ab455d5" testId="a472785a-6aac-8d41-8d14-3df81fa7d043" testName="test_test18" computerName="HOME-E26FE83CAE" testType="13cdc9d9-ddb5-4fa4-a97d-d965ccfc6d4b" outcome="NotExecuted" testListId="8c84fa94-04c1-424b-9868-57a2d4851a1d" relativeResultsDirectory="b44d4472-b56d-4ccb-9b7e-b7205ab455d5">
    </UnitTestResult>
    <UnitTestResult executionId="58dd925a-9084-4814-9523-f689beaf96cc" testId="a59733da-8885-c1da-b119-165c79329a1b" testName="test_divide_between_non_valued_right" computerName="HOME-E26FE83CAE" testType="13cdc9d9-ddb5-4fa4-a97d-d965ccfc6d4b" outcome="NotExecuted" testListId="8c84fa94-04c1-424b-9868-57a2d4851a1d" relativeResultsDirectory="58dd925a-9084-4814-9523-f689beaf96cc">
    </UnitTestResult>
    <UnitTestResult executionId="6cee7297-bd05-4c1c-bf4d-bdddd19adeca" testId="a7316259-a78f-4c76-fc44-43a2d7ccb76e" testName="test_mod7_1" computerName="HOME-E26FE83CAE" testType="13cdc9d9-ddb5-4fa4-a97d-d965ccfc6d4b" outcome="NotExecuted" testListId="8c84fa94-04c1-424b-9868-57a2d4851a1d" relativeResultsDirectory="6cee7297-bd05-4c1c-bf4d-bdddd19adeca">
    </UnitTestResult>
    <UnitTestResult executionId="612480db-d3ed-4558-bd8f-36b1158ecb12" testId="b072c1fb-dc11-85af-9856-d7106bde114d" testName="test_test32" computerName="HOME-E26FE83CAE" testType="13cdc9d9-ddb5-4fa4-a97d-d965ccfc6d4b" outcome="NotExecuted" testListId="8c84fa94-04c1-424b-9868-57a2d4851a1d" relativeResultsDirectory="612480db-d3ed-4558-bd8f-36b1158ecb12">
    </UnitTestResult>
    <UnitTestResult executionId="5b60770e-9060-4084-92ca-19761becccfa" testId="b4c7ef8d-acd4-bb81-a04e-3b27f1d00de4" testName="test_inferred_variable_incompatibles_type" computerName="HOME-E26FE83CAE" testType="13cdc9d9-ddb5-4fa4-a97d-d965ccfc6d4b" outcome="NotExecuted" testListId="8c84fa94-04c1-424b-9868-57a2d4851a1d" relativeResultsDirectory="5b60770e-9060-4084-92ca-19761becccfa">
    </UnitTestResult>
    <UnitTestResult executionId="3c3788a6-3e68-4a79-937a-718d249ef96b" testId="b59a94a6-b3eb-5bc0-dedb-53c312b3dd38" testName="test_mutually_recursive_alias" computerName="HOME-E26FE83CAE" testType="13cdc9d9-ddb5-4fa4-a97d-d965ccfc6d4b" outcome="NotExecuted" testListId="8c84fa94-04c1-424b-9868-57a2d4851a1d" relativeResultsDirectory="3c3788a6-3e68-4a79-937a-718d249ef96b">
    </UnitTestResult>
    <UnitTestResult executionId="e1bddb49-0c4a-4483-aa1f-fa3ec590d772" testId="b62d9364-7778-3e50-d7a6-6bf0ce856a2f" testName="test_and_operator_returns_value" computerName="HOME-E26FE83CAE" testType="13cdc9d9-ddb5-4fa4-a97d-d965ccfc6d4b" outcome="NotExecuted" testListId="8c84fa94-04c1-424b-9868-57a2d4851a1d" relativeResultsDirectory="e1bddb49-0c4a-4483-aa1f-fa3ec590d772">
    </UnitTestResult>
    <UnitTestResult executionId="298caa93-a6a4-415c-9cde-85a68b7fe3a1" testId="baf2563e-3009-d447-b0e7-170ab8463071" testName="test_test31" computerName="HOME-E26FE83CAE" testType="13cdc9d9-ddb5-4fa4-a97d-d965ccfc6d4b" outcome="NotExecuted" testListId="8c84fa94-04c1-424b-9868-57a2d4851a1d" relativeResultsDirectory="298caa93-a6a4-415c-9cde-85a68b7fe3a1">
    </UnitTestResult>
    <UnitTestResult executionId="1a6f0185-4e03-4780-a209-5a397058e272" testId="bc0e1316-dbe6-b028-ade7-bfc7507988f6" testName="test_test22" computerName="HOME-E26FE83CAE" testType="13cdc9d9-ddb5-4fa4-a97d-d965ccfc6d4b" outcome="NotExecuted" testListId="8c84fa94-04c1-424b-9868-57a2d4851a1d" relativeResultsDirectory="1a6f0185-4e03-4780-a209-5a397058e272">
    </UnitTestResult>
    <UnitTestResult executionId="0faa946d-d92b-4ce2-8d7d-e4f69b97cef7" testId="bedda814-012f-44ec-c334-f993d0f501c2" testName="test_incompatible_types_jagged_array" computerName="HOME-E26FE83CAE" testType="13cdc9d9-ddb5-4fa4-a97d-d965ccfc6d4b" outcome="NotExecuted" testListId="8c84fa94-04c1-424b-9868-57a2d4851a1d" relativeResultsDirectory="0faa946d-d92b-4ce2-8d7d-e4f69b97cef7">
    </UnitTestResult>
    <UnitTestResult executionId="bc1e1465-23d0-4c68-a6c2-188ff7e7a317" testId="c20e51b4-12b3-e19f-44f0-68b615cb9d34" testName="test_test42" computerName="HOME-E26FE83CAE" testType="13cdc9d9-ddb5-4fa4-a97d-d965ccfc6d4b" outcome="NotExecuted" testListId="8c84fa94-04c1-424b-9868-57a2d4851a1d" relativeResultsDirectory="bc1e1465-23d0-4c68-a6c2-188ff7e7a317">
    </UnitTestResult>
    <UnitTestResult executionId="e63989e6-f9d0-4a8a-9a70-045cd84b0561" testId="c348fff9-c0f5-4dfb-10de-9bcc6c0e2e35" testName="test_test49" computerName="HOME-E26FE83CAE" testType="13cdc9d9-ddb5-4fa4-a97d-d965ccfc6d4b" outcome="NotExecuted" testListId="8c84fa94-04c1-424b-9868-57a2d4851a1d" relativeResultsDirectory="e63989e6-f9d0-4a8a-9a70-045cd84b0561">
    </UnitTestResult>
    <UnitTestResult executionId="0c46392f-ed6f-4df7-b84b-676eb43a8747" testId="c3679b4e-0952-8b62-ff50-a38002b5bb13" testName="test_mod4" computerName="HOME-E26FE83CAE" testType="13cdc9d9-ddb5-4fa4-a97d-d965ccfc6d4b" outcome="NotExecuted" testListId="8c84fa94-04c1-424b-9868-57a2d4851a1d" relativeResultsDirectory="0c46392f-ed6f-4df7-b84b-676eb43a8747">
    </UnitTestResult>
    <UnitTestResult executionId="2ff496e9-7259-4076-b5dc-04c2b033b0f1" testId="c4fa99d9-cca8-ac70-06bb-cefbec6e204e" testName="test_test15" computerName="HOME-E26FE83CAE" testType="13cdc9d9-ddb5-4fa4-a97d-d965ccfc6d4b" outcome="NotExecuted" testListId="8c84fa94-04c1-424b-9868-57a2d4851a1d" relativeResultsDirectory="2ff496e9-7259-4076-b5dc-04c2b033b0f1">
    </UnitTestResult>
    <UnitTestResult executionId="12b08d79-6f5e-4595-9749-55af137ff4f1" testId="c4fb2239-0b02-8afd-06d9-ec6f804a8a52" testName="test_test2" computerName="HOME-E26FE83CAE" testType="13cdc9d9-ddb5-4fa4-a97d-d965ccfc6d4b" outcome="NotExecuted" testListId="8c84fa94-04c1-424b-9868-57a2d4851a1d" relativeResultsDirectory="12b08d79-6f5e-4595-9749-55af137ff4f1">
    </UnitTestResult>
    <UnitTestResult executionId="e2f40afe-f1f4-42f6-99d9-6aa6de04e8d3" testId="c61736dc-d6c8-f953-d484-0d9a5b344127" testName="test_nested_unavailable_function" computerName="HOME-E26FE83CAE" testType="13cdc9d9-ddb5-4fa4-a97d-d965ccfc6d4b" outcome="NotExecuted" testListId="8c84fa94-04c1-424b-9868-57a2d4851a1d" relativeResultsDirectory="e2f40afe-f1f4-42f6-99d9-6aa6de04e8d3">
    </UnitTestResult>
    <UnitTestResult executionId="f28a34ef-b6f1-4a0e-8939-c907372e66e2" testId="c8045a47-9964-f48c-6e03-79936fb7aaa2" testName="test_test24" computerName="HOME-E26FE83CAE" testType="13cdc9d9-ddb5-4fa4-a97d-d965ccfc6d4b" outcome="NotExecuted" testListId="8c84fa94-04c1-424b-9868-57a2d4851a1d" relativeResultsDirectory="f28a34ef-b6f1-4a0e-8939-c907372e66e2">
    </UnitTestResult>
    <UnitTestResult executionId="a37fa5d2-a45a-48e5-9ffe-b86fd902eb69" testId="cab8b132-edf3-b22a-dafd-52e3f1e74a4c" testName="test_test19" computerName="HOME-E26FE83CAE" testType="13cdc9d9-ddb5-4fa4-a97d-d965ccfc6d4b" outcome="NotExecuted" testListId="8c84fa94-04c1-424b-9868-57a2d4851a1d" relativeResultsDirectory="a37fa5d2-a45a-48e5-9ffe-b86fd902eb69">
    </UnitTestResult>
    <UnitTestResult executionId="ac0306d0-4604-4351-94cf-ae77b164b4a2" testId="cda3dbd2-47ba-daee-07dc-a896644e4d82" testName="test_test45" computerName="HOME-E26FE83CAE" testType="13cdc9d9-ddb5-4fa4-a97d-d965ccfc6d4b" outcome="NotExecuted" testListId="8c84fa94-04c1-424b-9868-57a2d4851a1d" relativeResultsDirectory="ac0306d0-4604-4351-94cf-ae77b164b4a2">
    </UnitTestResult>
    <UnitTestResult executionId="f81a6af6-0e37-47eb-ad2a-14b7133e0572" testId="ce2a8c2f-bbc2-eed5-1248-002e2907786b" testName="test_break_out_of_for" computerName="HOME-E26FE83CAE" testType="13cdc9d9-ddb5-4fa4-a97d-d965ccfc6d4b" outcome="NotExecuted" testListId="8c84fa94-04c1-424b-9868-57a2d4851a1d" relativeResultsDirectory="f81a6af6-0e37-47eb-ad2a-14b7133e0572">
    </UnitTestResult>
    <UnitTestResult executionId="4c8ce671-4be1-40d2-86b6-cee157968bea" testId="d050111e-1afa-c332-bab6-dc16fcf18a86" testName="test_test48" computerName="HOME-E26FE83CAE" testType="13cdc9d9-ddb5-4fa4-a97d-d965ccfc6d4b" outcome="NotExecuted" testListId="8c84fa94-04c1-424b-9868-57a2d4851a1d" relativeResultsDirectory="4c8ce671-4be1-40d2-86b6-cee157968bea">
    </UnitTestResult>
    <UnitTestResult executionId="752c19a9-0df0-4c06-ad6c-f92928925be0" testId="d06f6746-ead1-f925-4604-460409e84f79" testName="test_test7" computerName="HOME-E26FE83CAE" testType="13cdc9d9-ddb5-4fa4-a97d-d965ccfc6d4b" outcome="NotExecuted" testListId="8c84fa94-04c1-424b-9868-57a2d4851a1d" relativeResultsDirectory="752c19a9-0df0-4c06-ad6c-f92928925be0">
    </UnitTestResult>
    <UnitTestResult executionId="2019035c-a583-4cb9-9f6e-dc18a84f2e82" testId="d6875146-3a82-65ba-0dc8-a42d822217f6" testName="test_test9" computerName="HOME-E26FE83CAE" testType="13cdc9d9-ddb5-4fa4-a97d-d965ccfc6d4b" outcome="NotExecuted" testListId="8c84fa94-04c1-424b-9868-57a2d4851a1d" relativeResultsDirectory="2019035c-a583-4cb9-9f6e-dc18a84f2e82">
    </UnitTestResult>
    <UnitTestResult executionId="b10dfff3-bcc4-4516-8845-9870687391dc" testId="d690abc7-a328-cd83-8fdc-b127cf098887" testName="test_test25" computerName="HOME-E26FE83CAE" testType="13cdc9d9-ddb5-4fa4-a97d-d965ccfc6d4b" outcome="NotExecuted" testListId="8c84fa94-04c1-424b-9868-57a2d4851a1d" relativeResultsDirectory="b10dfff3-bcc4-4516-8845-9870687391dc">
    </UnitTestResult>
    <UnitTestResult executionId="480ff49d-be0f-4d47-b677-c865983155c1" testId="d93fbe60-89ed-bf54-6dfb-bec94ee26025" testName="test_test35" computerName="HOME-E26FE83CAE" testType="13cdc9d9-ddb5-4fa4-a97d-d965ccfc6d4b" outcome="NotExecuted" testListId="8c84fa94-04c1-424b-9868-57a2d4851a1d" relativeResultsDirectory="480ff49d-be0f-4d47-b677-c865983155c1">
    </UnitTestResult>
    <UnitTestResult executionId="cdcf8c98-a083-4901-879f-b52aefe094b1" testId="da3e1bea-fd68-3dc0-d517-eb40039703ee" testName="test_test17" computerName="HOME-E26FE83CAE" testType="13cdc9d9-ddb5-4fa4-a97d-d965ccfc6d4b" outcome="NotExecuted" testListId="8c84fa94-04c1-424b-9868-57a2d4851a1d" relativeResultsDirectory="cdcf8c98-a083-4901-879f-b52aefe094b1">
    </UnitTestResult>
    <UnitTestResult executionId="73fc5829-9013-4484-b5f6-c1c8e9f22808" testId="dc1b746a-01eb-32a1-dd9f-13724fc026ff" testName="test_test13" computerName="HOME-E26FE83CAE" testType="13cdc9d9-ddb5-4fa4-a97d-d965ccfc6d4b" outcome="NotExecuted" testListId="8c84fa94-04c1-424b-9868-57a2d4851a1d" relativeResultsDirectory="73fc5829-9013-4484-b5f6-c1c8e9f22808">
    </UnitTestResult>
    <UnitTestResult executionId="b9b8615f-673c-42d7-a9dd-506ece0291df" testId="e202bc60-0634-baa5-9fb7-e483d26688e3" testName="test_test43" computerName="HOME-E26FE83CAE" testType="13cdc9d9-ddb5-4fa4-a97d-d965ccfc6d4b" outcome="NotExecuted" testListId="8c84fa94-04c1-424b-9868-57a2d4851a1d" relativeResultsDirectory="b9b8615f-673c-42d7-a9dd-506ece0291df">
    </UnitTestResult>
    <UnitTestResult executionId="6cb3005e-9a6e-403a-a245-bae734d79ec2" testId="e23ffe73-c0b4-23de-3266-456dece737db" testName="test_test37" computerName="HOME-E26FE83CAE" testType="13cdc9d9-ddb5-4fa4-a97d-d965ccfc6d4b" outcome="NotExecuted" testListId="8c84fa94-04c1-424b-9868-57a2d4851a1d" relativeResultsDirectory="6cb3005e-9a6e-403a-a245-bae734d79ec2">
    </UnitTestResult>
    <UnitTestResult executionId="be81ada4-1563-4a3a-9fc8-d47618026a36" testId="e5ba5b84-693c-c274-9024-67714abfd289" testName="test_recursive_array" computerName="HOME-E26FE83CAE" testType="13cdc9d9-ddb5-4fa4-a97d-d965ccfc6d4b" outcome="NotExecuted" testListId="8c84fa94-04c1-424b-9868-57a2d4851a1d" relativeResultsDirectory="be81ada4-1563-4a3a-9fc8-d47618026a36">
    </UnitTestResult>
    <UnitTestResult executionId="989649cb-a490-4827-b210-63997952a4f6" testId="e6694f75-d598-6ffe-9c8e-bbfaecee7755" testName="test_queens" computerName="HOME-E26FE83CAE" testType="13cdc9d9-ddb5-4fa4-a97d-d965ccfc6d4b" outcome="NotExecuted" testListId="8c84fa94-04c1-424b-9868-57a2d4851a1d" relativeResultsDirectory="989649cb-a490-4827-b210-63997952a4f6">
    </UnitTestResult>
    <UnitTestResult executionId="00e13832-3cfb-48ec-956e-9640b0461dd8" testId="e8d2f115-d73c-2867-cfd5-f324a2ef1c4b" testName="test_array_init" computerName="HOME-E26FE83CAE" testType="13cdc9d9-ddb5-4fa4-a97d-d965ccfc6d4b" outcome="NotExecuted" testListId="8c84fa94-04c1-424b-9868-57a2d4851a1d" relativeResultsDirectory="00e13832-3cfb-48ec-956e-9640b0461dd8">
    </UnitTestResult>
    <UnitTestResult executionId="84ae5738-df62-4a35-8f89-a4cb4f7ec1b7" testId="ecf43549-1da5-5f9d-4f70-8ce66cfb75f9" testName="test_undefined_type_for_alias" computerName="HOME-E26FE83CAE" testType="13cdc9d9-ddb5-4fa4-a97d-d965ccfc6d4b" outcome="NotExecuted" testListId="8c84fa94-04c1-424b-9868-57a2d4851a1d" relativeResultsDirectory="84ae5738-df62-4a35-8f89-a4cb4f7ec1b7">
    </UnitTestResult>
    <UnitTestResult executionId="0f0e88b6-2a19-4014-b391-96f912541721" testId="eec5b161-be3c-10b7-c8a8-069c5234b535" testName="test_test21" computerName="HOME-E26FE83CAE" testType="13cdc9d9-ddb5-4fa4-a97d-d965ccfc6d4b" outcome="NotExecuted" testListId="8c84fa94-04c1-424b-9868-57a2d4851a1d" relativeResultsDirectory="0f0e88b6-2a19-4014-b391-96f912541721">
    </UnitTestResult>
    <UnitTestResult executionId="d9d95887-7968-4332-8c43-dd05060ec9a9" testId="f16497eb-6a01-ee64-493f-fa445e31a0a3" testName="test_test39" computerName="HOME-E26FE83CAE" testType="13cdc9d9-ddb5-4fa4-a97d-d965ccfc6d4b" outcome="NotExecuted" testListId="8c84fa94-04c1-424b-9868-57a2d4851a1d" relativeResultsDirectory="d9d95887-7968-4332-8c43-dd05060ec9a9">
    </UnitTestResult>
    <UnitTestResult executionId="1f4a5d13-7359-4e2a-8c37-723a1a260f2b" testId="f178d479-04b2-1f51-5b83-340d9c464883" testName="test_test33" computerName="HOME-E26FE83CAE" testType="13cdc9d9-ddb5-4fa4-a97d-d965ccfc6d4b" outcome="NotExecuted" testListId="8c84fa94-04c1-424b-9868-57a2d4851a1d" relativeResultsDirectory="1f4a5d13-7359-4e2a-8c37-723a1a260f2b">
    </UnitTestResult>
    <UnitTestResult executionId="450a2709-948a-40d4-9b54-88f8ff982fa9" testId="f1ff68f4-2ce6-1ac3-921c-079b2b95706c" testName="test_differents_types_array_assign" computerName="HOME-E26FE83CAE" testType="13cdc9d9-ddb5-4fa4-a97d-d965ccfc6d4b" outcome="NotExecuted" testListId="8c84fa94-04c1-424b-9868-57a2d4851a1d" relativeResultsDirectory="450a2709-948a-40d4-9b54-88f8ff982fa9">
    </UnitTestResult>
    <UnitTestResult executionId="83a86211-7f60-40d7-86b9-082917cd2d25" testId="f4efcf97-2817-134e-d4cd-02e0e8ed7f47" testName="test_invalid_mutually_recursive_function_depth_4" computerName="HOME-E26FE83CAE" testType="13cdc9d9-ddb5-4fa4-a97d-d965ccfc6d4b" outcome="NotExecuted" testListId="8c84fa94-04c1-424b-9868-57a2d4851a1d" relativeResultsDirectory="83a86211-7f60-40d7-86b9-082917cd2d25">
    </UnitTestResult>
    <UnitTestResult executionId="0884a158-9587-4497-a2fb-205b01677dbe" testId="f671f60d-5960-0a4e-25da-4be80fa480eb" testName="test_str" computerName="HOME-E26FE83CAE" testType="13cdc9d9-ddb5-4fa4-a97d-d965ccfc6d4b" outcome="NotExecuted" testListId="8c84fa94-04c1-424b-9868-57a2d4851a1d" relativeResultsDirectory="0884a158-9587-4497-a2fb-205b01677dbe">
    </UnitTestResult>
    <UnitTestResult executionId="18651bf0-5455-45f1-8058-f62c347e3c5a" testId="f72187fc-b3e0-b7a6-6724-df81d1bfb604" testName="test_mod7_2" computerName="HOME-E26FE83CAE" testType="13cdc9d9-ddb5-4fa4-a97d-d965ccfc6d4b" outcome="NotExecuted" testListId="8c84fa94-04c1-424b-9868-57a2d4851a1d" relativeResultsDirectory="18651bf0-5455-45f1-8058-f62c347e3c5a">
    </UnitTestResult>
    <UnitTestResult executionId="caa274c7-5ac0-4344-8090-b779d1e872b8" testId="f7361c7c-3b0f-6086-f159-11b4844d843d" testName="test_record_literal_invalid_types" computerName="HOME-E26FE83CAE" testType="13cdc9d9-ddb5-4fa4-a97d-d965ccfc6d4b" outcome="NotExecuted" testListId="8c84fa94-04c1-424b-9868-57a2d4851a1d" relativeResultsDirectory="caa274c7-5ac0-4344-8090-b779d1e872b8">
    </UnitTestResult>
    <UnitTestResult executionId="296f93af-bc35-4ca8-9263-1c00a2f646de" testId="f8f7e3fc-a32f-4b7e-3884-a77c284c6334" testName="test_test30" computerName="HOME-E26FE83CAE" testType="13cdc9d9-ddb5-4fa4-a97d-d965ccfc6d4b" outcome="NotExecuted" testListId="8c84fa94-04c1-424b-9868-57a2d4851a1d" relativeResultsDirectory="296f93af-bc35-4ca8-9263-1c00a2f646de">
    </UnitTestResult>
    <UnitTestResult executionId="1de2b8c2-53b1-432d-acdc-e41ea8355237" testId="f96446f0-229a-33bf-fd57-40890b9bd378" testName="test_test36" computerName="HOME-E26FE83CAE" testType="13cdc9d9-ddb5-4fa4-a97d-d965ccfc6d4b" outcome="NotExecuted" testListId="8c84fa94-04c1-424b-9868-57a2d4851a1d" relativeResultsDirectory="1de2b8c2-53b1-432d-acdc-e41ea8355237">
    </UnitTestResult>
    <UnitTestResult executionId="14816315-54c7-469b-85dc-dbe18451fcb0" testId="fb90f7ed-7430-80a6-0f96-1278e7153aad" testName="test_test16" computerName="HOME-E26FE83CAE" testType="13cdc9d9-ddb5-4fa4-a97d-d965ccfc6d4b" outcome="NotExecuted" testListId="8c84fa94-04c1-424b-9868-57a2d4851a1d" relativeResultsDirectory="14816315-54c7-469b-85dc-dbe18451fcb0">
    </UnitTestResult>
    <UnitTestResult executionId="b5655b4d-cf9e-4385-8d6a-4ed7fe17acf2" testId="ff4c30d4-0e18-8aac-65dc-3010d8dc6819" testName="test_test46" computerName="HOME-E26FE83CAE" testType="13cdc9d9-ddb5-4fa4-a97d-d965ccfc6d4b" outcome="NotExecuted" testListId="8c84fa94-04c1-424b-9868-57a2d4851a1d" relativeResultsDirectory="b5655b4d-cf9e-4385-8d6a-4ed7fe17acf2">
    </UnitTestResult>
  </Results>
</TestRun>